<?xml version="1.0" encoding="UTF-8" standalone="no"?>
<!DOCTYPE log SYSTEM "logger.dtd">
<log>
<record>
  <date>2019-05-21T15:34:06</date>
  <millis>1558427646091</millis>
  <sequence>0</sequence>
  <level>START</level>
  <class>com.kms.katalon.core.logging.XmlKeywordLogger</class>
  <method>startSuite</method>
  <thread>1</thread>
  <message>Start Test Suite : Test Suites/All</message>
  <nestedLevel>0</nestedLevel>
  <property name="name">All</property>
  <property name="description"></property>
  <property name="id">Test Suites/All</property>
</record>
<record>
  <date>2019-05-21T15:34:06</date>
  <millis>1558427646103</millis>
  <sequence>1</sequence>
  <level>RUN_DATA</level>
  <class>com.kms.katalon.core.logging.XmlKeywordLogger</class>
  <method>logMessage</method>
  <thread>1</thread>
  <message>hostName = User - 169.254.25.154</message>
  <nestedLevel>0</nestedLevel>
  <property name="hostName">User - 169.254.25.154</property>
</record>
<record>
  <date>2019-05-21T15:34:06</date>
  <millis>1558427646104</millis>
  <sequence>2</sequence>
  <level>RUN_DATA</level>
  <class>com.kms.katalon.core.logging.XmlKeywordLogger</class>
  <method>logMessage</method>
  <thread>1</thread>
  <message>os = Windows 10 64bit</message>
  <nestedLevel>0</nestedLevel>
  <property name="os">Windows 10 64bit</property>
</record>
<record>
  <date>2019-05-21T15:34:06</date>
  <millis>1558427646105</millis>
  <sequence>3</sequence>
  <level>RUN_DATA</level>
  <class>com.kms.katalon.core.logging.XmlKeywordLogger</class>
  <method>logMessage</method>
  <thread>1</thread>
  <message>hostAddress = 169.254.25.154</message>
  <nestedLevel>0</nestedLevel>
  <property name="hostAddress">169.254.25.154</property>
</record>
<record>
  <date>2019-05-21T15:34:06</date>
  <millis>1558427646105</millis>
  <sequence>4</sequence>
  <level>RUN_DATA</level>
  <class>com.kms.katalon.core.logging.XmlKeywordLogger</class>
  <method>logMessage</method>
  <thread>1</thread>
  <message>katalonVersion = 6.0.5.4</message>
  <nestedLevel>0</nestedLevel>
  <property name="katalonVersion">6.0.5.4</property>
</record>
<record>
  <date>2019-05-21T15:34:06</date>
  <millis>1558427646267</millis>
  <sequence>5</sequence>
  <level>START</level>
  <class>com.kms.katalon.core.logging.XmlKeywordLogger</class>
  <method>startTest</method>
  <thread>1</thread>
  <message>Start Test Case : Test Cases/Create a public gist/TC01</message>
  <nestedLevel>1</nestedLevel>
  <property name="name">Test Cases/Create a public gist/TC01</property>
  <property name="description"></property>
  <property name="id">Test Cases/Create a public gist/TC01</property>
  <property name="source">C:\\Users\\User\\Katalon Studio\\QA-Test\\Test Cases\\Create a public gist\\TC01.tc</property>
  <property name="isOptional">false</property>
</record>
<record>
  <date>2019-05-21T15:34:06</date>
  <millis>1558427646499</millis>
  <sequence>7</sequence>
  <level>START</level>
  <class>com.kms.katalon.core.logging.XmlKeywordLogger</class>
  <method>startKeyword</method>
  <thread>1</thread>
  <message>Start action : openBrowser(\&amp;quot;\&amp;quot;)</message>
  <nestedLevel>1</nestedLevel>
  <property name="startLine">16</property>
  <property name="stepIndex">1</property>
</record>
<record>
  <date>2019-05-21T15:34:06</date>
  <millis>1558427646695</millis>
  <sequence>9</sequence>
  <level>INFO</level>
  <class>com.kms.katalon.core.logging.XmlKeywordLogger</class>
  <method>logMessage</method>
  <thread>1</thread>
  <message>Starting &amp;apos;Firefox&amp;apos; driver</message>
  <nestedLevel>1</nestedLevel>
</record>
<record>
  <date>2019-05-21T15:34:06</date>
  <millis>1558427646742</millis>
  <sequence>10</sequence>
  <level>INFO</level>
  <class>com.kms.katalon.core.logging.XmlKeywordLogger</class>
  <method>logMessage</method>
  <thread>1</thread>
  <message>Action delay is set to 0 seconds</message>
  <nestedLevel>1</nestedLevel>
</record>
<record>
  <date>2019-05-21T15:34:10</date>
  <millis>1558427650335</millis>
  <sequence>12</sequence>
  <level>RUN_DATA</level>
  <class>com.kms.katalon.core.logging.XmlKeywordLogger</class>
  <method>logMessage</method>
  <thread>1</thread>
  <message>sessionId = c2d4e0ee-c7e1-479d-b755-7967dde4eec4</message>
  <nestedLevel>1</nestedLevel>
  <property name="sessionId">c2d4e0ee-c7e1-479d-b755-7967dde4eec4</property>
</record>
<record>
  <date>2019-05-21T15:34:10</date>
  <millis>1558427650348</millis>
  <sequence>13</sequence>
  <level>RUN_DATA</level>
  <class>com.kms.katalon.core.logging.XmlKeywordLogger</class>
  <method>logMessage</method>
  <thread>1</thread>
  <message>browser = Firefox 65.0</message>
  <nestedLevel>1</nestedLevel>
  <property name="browser">Firefox 65.0</property>
</record>
<record>
  <date>2019-05-21T15:34:10</date>
  <millis>1558427650348</millis>
  <sequence>14</sequence>
  <level>RUN_DATA</level>
  <class>com.kms.katalon.core.logging.XmlKeywordLogger</class>
  <method>logMessage</method>
  <thread>1</thread>
  <message>platform = Windows 10</message>
  <nestedLevel>1</nestedLevel>
  <property name="platform">Windows 10</property>
</record>
<record>
  <date>2019-05-21T15:34:10</date>
  <millis>1558427650350</millis>
  <sequence>15</sequence>
  <level>RUN_DATA</level>
  <class>com.kms.katalon.core.logging.XmlKeywordLogger</class>
  <method>logMessage</method>
  <thread>1</thread>
  <message>seleniumVersion = 3.7.1</message>
  <nestedLevel>1</nestedLevel>
  <property name="seleniumVersion">3.7.1</property>
</record>
<record>
  <date>2019-05-21T15:34:10</date>
  <millis>1558427650351</millis>
  <sequence>16</sequence>
  <level>RUN_DATA</level>
  <class>com.kms.katalon.core.logging.XmlKeywordLogger</class>
  <method>logMessage</method>
  <thread>1</thread>
  <message>proxyInformation = ProxyInformation{proxyOption=NO_PROXY, proxyServerType=HTTP, password=, proxyServerAddress=, proxyServerPort=0}</message>
  <nestedLevel>1</nestedLevel>
  <property name="proxyInformation">ProxyInformation{proxyOption=NO_PROXY, proxyServerType=HTTP, password=, proxyServerAddress=, proxyServerPort=0}</property>
</record>
<record>
  <date>2019-05-21T15:34:10</date>
  <millis>1558427650352</millis>
  <sequence>17</sequence>
  <level>PASSED</level>
  <class>com.kms.katalon.core.logging.XmlKeywordLogger</class>
  <method>logMessage</method>
  <thread>1</thread>
  <message>Browser is opened with url: &amp;apos;&amp;apos;</message>
  <nestedLevel>1</nestedLevel>
</record>
<record>
  <date>2019-05-21T15:34:10</date>
  <millis>1558427650352</millis>
  <sequence>18</sequence>
  <level>END</level>
  <class>com.kms.katalon.core.logging.XmlKeywordLogger</class>
  <method>endKeyword</method>
  <thread>1</thread>
  <message>End action : openBrowser(\&amp;quot;\&amp;quot;)</message>
  <nestedLevel>1</nestedLevel>
</record>
<record>
  <date>2019-05-21T15:34:10</date>
  <millis>1558427650353</millis>
  <sequence>19</sequence>
  <level>START</level>
  <class>com.kms.katalon.core.logging.XmlKeywordLogger</class>
  <method>startKeyword</method>
  <thread>1</thread>
  <message>Start action : navigateToUrl(\&amp;quot;https://gist.github.com/discover\&amp;quot;)</message>
  <nestedLevel>1</nestedLevel>
  <property name="startLine">18</property>
  <property name="stepIndex">2</property>
</record>
<record>
  <date>2019-05-21T15:34:13</date>
  <millis>1558427653557</millis>
  <sequence>22</sequence>
  <level>PASSED</level>
  <class>com.kms.katalon.core.logging.XmlKeywordLogger</class>
  <method>logMessage</method>
  <thread>1</thread>
  <message>Navigate to &amp;apos;https://gist.github.com/discover&amp;apos; successfully</message>
  <nestedLevel>1</nestedLevel>
</record>
<record>
  <date>2019-05-21T15:34:13</date>
  <millis>1558427653557</millis>
  <sequence>23</sequence>
  <level>END</level>
  <class>com.kms.katalon.core.logging.XmlKeywordLogger</class>
  <method>endKeyword</method>
  <thread>1</thread>
  <message>End action : navigateToUrl(\&amp;quot;https://gist.github.com/discover\&amp;quot;)</message>
  <nestedLevel>1</nestedLevel>
</record>
<record>
  <date>2019-05-21T15:34:13</date>
  <millis>1558427653557</millis>
  <sequence>24</sequence>
  <level>START</level>
  <class>com.kms.katalon.core.logging.XmlKeywordLogger</class>
  <method>startKeyword</method>
  <thread>1</thread>
  <message>Start action : click(findTestObject(\&amp;quot;Object Repository/Create a public gist/TC01/Page_Discover gists  GitHub/a_Signin\&amp;quot;))</message>
  <nestedLevel>1</nestedLevel>
  <property name="startLine">20</property>
  <property name="stepIndex">3</property>
</record>
<record>
  <date>2019-05-21T15:34:15</date>
  <millis>1558427655030</millis>
  <sequence>31</sequence>
  <level>PASSED</level>
  <class>com.kms.katalon.core.logging.XmlKeywordLogger</class>
  <method>logMessage</method>
  <thread>1</thread>
  <message>Object: &amp;apos;Object Repository/Create a public gist/TC01/Page_Discover gists  GitHub/a_Signin&amp;apos; is clicked on</message>
  <nestedLevel>1</nestedLevel>
</record>
<record>
  <date>2019-05-21T15:34:15</date>
  <millis>1558427655031</millis>
  <sequence>32</sequence>
  <level>END</level>
  <class>com.kms.katalon.core.logging.XmlKeywordLogger</class>
  <method>endKeyword</method>
  <thread>1</thread>
  <message>End action : click(findTestObject(\&amp;quot;Object Repository/Create a public gist/TC01/Page_Discover gists  GitHub/a_Signin\&amp;quot;))</message>
  <nestedLevel>1</nestedLevel>
</record>
<record>
  <date>2019-05-21T15:34:15</date>
  <millis>1558427655032</millis>
  <sequence>33</sequence>
  <level>START</level>
  <class>com.kms.katalon.core.logging.XmlKeywordLogger</class>
  <method>startKeyword</method>
  <thread>1</thread>
  <message>Start action : setText(findTestObject(\&amp;quot;Object Repository/Create a public gist/TC01/Page_Sign in to GitHub  GitHub/input_Username or email address_login\&amp;quot;), \&amp;quot;rickytampubolon97@gmail.com\&amp;quot;)</message>
  <nestedLevel>1</nestedLevel>
  <property name="startLine">22</property>
  <property name="stepIndex">4</property>
</record>
<record>
  <date>2019-05-21T15:34:15</date>
  <millis>1558427655100</millis>
  <sequence>45</sequence>
  <level>PASSED</level>
  <class>com.kms.katalon.core.logging.XmlKeywordLogger</class>
  <method>logMessage</method>
  <thread>1</thread>
  <message>Text &amp;apos;rickytampubolon97@gmail.com&amp;apos; is set on object &amp;apos;Object Repository/Create a public gist/TC01/Page_Sign in to GitHub  GitHub/input_Username or email address_login&amp;apos;</message>
  <nestedLevel>1</nestedLevel>
</record>
<record>
  <date>2019-05-21T15:34:15</date>
  <millis>1558427655101</millis>
  <sequence>46</sequence>
  <level>END</level>
  <class>com.kms.katalon.core.logging.XmlKeywordLogger</class>
  <method>endKeyword</method>
  <thread>1</thread>
  <message>End action : setText(findTestObject(\&amp;quot;Object Repository/Create a public gist/TC01/Page_Sign in to GitHub  GitHub/input_Username or email address_login\&amp;quot;), \&amp;quot;rickytampubolon97@gmail.com\&amp;quot;)</message>
  <nestedLevel>1</nestedLevel>
</record>
<record>
  <date>2019-05-21T15:34:15</date>
  <millis>1558427655102</millis>
  <sequence>47</sequence>
  <level>START</level>
  <class>com.kms.katalon.core.logging.XmlKeywordLogger</class>
  <method>startKeyword</method>
  <thread>1</thread>
  <message>Start action : setEncryptedText(findTestObject(\&amp;quot;Object Repository/Create a public gist/TC01/Page_Sign in to GitHub  GitHub/input_Forgot password_password\&amp;quot;), \&amp;quot;aWiFznaQQ9/aU/+XfrlMyg==\&amp;quot;)</message>
  <nestedLevel>1</nestedLevel>
  <property name="startLine">25</property>
  <property name="stepIndex">5</property>
</record>
<record>
  <date>2019-05-21T15:34:15</date>
  <millis>1558427655191</millis>
  <sequence>56</sequence>
  <level>PASSED</level>
  <class>com.kms.katalon.core.logging.XmlKeywordLogger</class>
  <method>logMessage</method>
  <thread>1</thread>
  <message>Text ****** has been set on object &amp;apos;Object Repository/Create a public gist/TC01/Page_Sign in to GitHub  GitHub/input_Forgot password_password&amp;apos;</message>
  <nestedLevel>1</nestedLevel>
</record>
<record>
  <date>2019-05-21T15:34:15</date>
  <millis>1558427655192</millis>
  <sequence>57</sequence>
  <level>END</level>
  <class>com.kms.katalon.core.logging.XmlKeywordLogger</class>
  <method>endKeyword</method>
  <thread>1</thread>
  <message>End action : setEncryptedText(findTestObject(\&amp;quot;Object Repository/Create a public gist/TC01/Page_Sign in to GitHub  GitHub/input_Forgot password_password\&amp;quot;), \&amp;quot;aWiFznaQQ9/aU/+XfrlMyg==\&amp;quot;)</message>
  <nestedLevel>1</nestedLevel>
</record>
<record>
  <date>2019-05-21T15:34:15</date>
  <millis>1558427655192</millis>
  <sequence>58</sequence>
  <level>START</level>
  <class>com.kms.katalon.core.logging.XmlKeywordLogger</class>
  <method>startKeyword</method>
  <thread>1</thread>
  <message>Start action : click(findTestObject(\&amp;quot;Object Repository/Create a public gist/TC01/Page_Sign in to GitHub  GitHub/input_Forgot password_commit\&amp;quot;))</message>
  <nestedLevel>1</nestedLevel>
  <property name="startLine">28</property>
  <property name="stepIndex">6</property>
</record>
<record>
  <date>2019-05-21T15:34:18</date>
  <millis>1558427658124</millis>
  <sequence>65</sequence>
  <level>PASSED</level>
  <class>com.kms.katalon.core.logging.XmlKeywordLogger</class>
  <method>logMessage</method>
  <thread>1</thread>
  <message>Object: &amp;apos;Object Repository/Create a public gist/TC01/Page_Sign in to GitHub  GitHub/input_Forgot password_commit&amp;apos; is clicked on</message>
  <nestedLevel>1</nestedLevel>
</record>
<record>
  <date>2019-05-21T15:34:18</date>
  <millis>1558427658125</millis>
  <sequence>66</sequence>
  <level>END</level>
  <class>com.kms.katalon.core.logging.XmlKeywordLogger</class>
  <method>endKeyword</method>
  <thread>1</thread>
  <message>End action : click(findTestObject(\&amp;quot;Object Repository/Create a public gist/TC01/Page_Sign in to GitHub  GitHub/input_Forgot password_commit\&amp;quot;))</message>
  <nestedLevel>1</nestedLevel>
</record>
<record>
  <date>2019-05-21T15:34:18</date>
  <millis>1558427658125</millis>
  <sequence>67</sequence>
  <level>START</level>
  <class>com.kms.katalon.core.logging.XmlKeywordLogger</class>
  <method>startKeyword</method>
  <thread>1</thread>
  <message>Start action : navigateToUrl(\&amp;quot;https://gist.github.com/\&amp;quot;)</message>
  <nestedLevel>1</nestedLevel>
  <property name="startLine">30</property>
  <property name="stepIndex">7</property>
</record>
<record>
  <date>2019-05-21T15:34:19</date>
  <millis>1558427659189</millis>
  <sequence>70</sequence>
  <level>PASSED</level>
  <class>com.kms.katalon.core.logging.XmlKeywordLogger</class>
  <method>logMessage</method>
  <thread>1</thread>
  <message>Navigate to &amp;apos;https://gist.github.com/&amp;apos; successfully</message>
  <nestedLevel>1</nestedLevel>
</record>
<record>
  <date>2019-05-21T15:34:19</date>
  <millis>1558427659190</millis>
  <sequence>71</sequence>
  <level>END</level>
  <class>com.kms.katalon.core.logging.XmlKeywordLogger</class>
  <method>endKeyword</method>
  <thread>1</thread>
  <message>End action : navigateToUrl(\&amp;quot;https://gist.github.com/\&amp;quot;)</message>
  <nestedLevel>1</nestedLevel>
</record>
<record>
  <date>2019-05-21T15:34:19</date>
  <millis>1558427659190</millis>
  <sequence>72</sequence>
  <level>START</level>
  <class>com.kms.katalon.core.logging.XmlKeywordLogger</class>
  <method>startKeyword</method>
  <thread>1</thread>
  <message>Start action : setText(findTestObject(\&amp;quot;Object Repository/Create a public gist/TC01/Page_Create a new Gist/input_See all of your gists_gistdescription\&amp;quot;), \&amp;quot;Looping in PHP\&amp;quot;)</message>
  <nestedLevel>1</nestedLevel>
  <property name="startLine">32</property>
  <property name="stepIndex">8</property>
</record>
<record>
  <date>2019-05-21T15:34:19</date>
  <millis>1558427659258</millis>
  <sequence>84</sequence>
  <level>PASSED</level>
  <class>com.kms.katalon.core.logging.XmlKeywordLogger</class>
  <method>logMessage</method>
  <thread>1</thread>
  <message>Text &amp;apos;Looping in PHP&amp;apos; is set on object &amp;apos;Object Repository/Create a public gist/TC01/Page_Create a new Gist/input_See all of your gists_gistdescription&amp;apos;</message>
  <nestedLevel>1</nestedLevel>
</record>
<record>
  <date>2019-05-21T15:34:19</date>
  <millis>1558427659259</millis>
  <sequence>85</sequence>
  <level>END</level>
  <class>com.kms.katalon.core.logging.XmlKeywordLogger</class>
  <method>endKeyword</method>
  <thread>1</thread>
  <message>End action : setText(findTestObject(\&amp;quot;Object Repository/Create a public gist/TC01/Page_Create a new Gist/input_See all of your gists_gistdescription\&amp;quot;), \&amp;quot;Looping in PHP\&amp;quot;)</message>
  <nestedLevel>1</nestedLevel>
</record>
<record>
  <date>2019-05-21T15:34:19</date>
  <millis>1558427659259</millis>
  <sequence>86</sequence>
  <level>START</level>
  <class>com.kms.katalon.core.logging.XmlKeywordLogger</class>
  <method>startKeyword</method>
  <thread>1</thread>
  <message>Start action : click(findTestObject(\&amp;quot;Object Repository/Create a public gist/TC01/Page_Create a new Gist/div_1\&amp;quot;))</message>
  <nestedLevel>1</nestedLevel>
  <property name="startLine">35</property>
  <property name="stepIndex">9</property>
</record>
<record>
  <date>2019-05-21T15:34:19</date>
  <millis>1558427659495</millis>
  <sequence>93</sequence>
  <level>PASSED</level>
  <class>com.kms.katalon.core.logging.XmlKeywordLogger</class>
  <method>logMessage</method>
  <thread>1</thread>
  <message>Object: &amp;apos;Object Repository/Create a public gist/TC01/Page_Create a new Gist/div_1&amp;apos; is clicked on</message>
  <nestedLevel>1</nestedLevel>
</record>
<record>
  <date>2019-05-21T15:34:19</date>
  <millis>1558427659496</millis>
  <sequence>94</sequence>
  <level>END</level>
  <class>com.kms.katalon.core.logging.XmlKeywordLogger</class>
  <method>endKeyword</method>
  <thread>1</thread>
  <message>End action : click(findTestObject(\&amp;quot;Object Repository/Create a public gist/TC01/Page_Create a new Gist/div_1\&amp;quot;))</message>
  <nestedLevel>1</nestedLevel>
</record>
<record>
  <date>2019-05-21T15:34:19</date>
  <millis>1558427659496</millis>
  <sequence>95</sequence>
  <level>START</level>
  <class>com.kms.katalon.core.logging.XmlKeywordLogger</class>
  <method>startKeyword</method>
  <thread>1</thread>
  <message>Start action : setText(findTestObject(\&amp;quot;Object Repository/Create a public gist/TC01/Page_Create a new Gist/div_1php 2for (x  0 x  10 x) 3    echo The number is x br4 5\&amp;quot;), \&amp;quot;&amp;lt;div style=\&amp;quot;position: relative;\&amp;quot;&amp;gt;&amp;lt;div class=\&amp;quot;CodeMirror-gutter-wrapper\&amp;quot; contenteditable=\&amp;quot;false\&amp;quot; style=\&amp;quot;left: -53px;\&amp;quot;&amp;gt;&amp;lt;div class=\&amp;quot;CodeMirror-linenumber CodeMirror-gutter-elt\&amp;quot; style=\&amp;quot;left: 0px; width: 21px;\&amp;quot;&amp;gt;1&amp;lt;/div&amp;gt;&amp;lt;/div&amp;gt;&amp;lt;pre class=\&amp;quot; CodeMirror-line \&amp;quot; role=\&amp;quot;presentation\&amp;quot; style=\&amp;quot;\&amp;quot;&amp;gt;&amp;lt;span role=\&amp;quot;presentation\&amp;quot; style=\&amp;quot;padding-right: 0.1px;\&amp;quot;&amp;gt;&amp;amp;lt;?php &amp;lt;/span&amp;gt;&amp;lt;/pre&amp;gt;&amp;lt;/div&amp;gt;&amp;lt;div style=\&amp;quot;position: relative;\&amp;quot;&amp;gt;&amp;lt;div class=\&amp;quot;CodeMirror-gutter-wrapper\&amp;quot; contenteditable=\&amp;quot;false\&amp;quot; style=\&amp;quot;left: -53px;\&amp;quot;&amp;gt;&amp;lt;div class=\&amp;quot;CodeMirror-linenumber CodeMirror-gutter-elt\&amp;quot; style=\&amp;quot;left: 0px; width: 21px;\&amp;quot;&amp;gt;2&amp;lt;/div&amp;gt;&amp;lt;/div&amp;gt;&amp;lt;pre class=\&amp;quot; CodeMirror-line \&amp;quot; role=\&amp;quot;presentation\&amp;quot; style=\&amp;quot;\&amp;quot;&amp;gt;&amp;lt;span role=\&amp;quot;presentation\&amp;quot; style=\&amp;quot;padding-right: 0.1px;\&amp;quot;&amp;gt;for ($x = 0; $x &amp;amp;lt;= 10; $x++) {&amp;lt;/span&amp;gt;&amp;lt;/pre&amp;gt;&amp;lt;/div&amp;gt;&amp;lt;div style=\&amp;quot;position: relative;\&amp;quot;&amp;gt;&amp;lt;div class=\&amp;quot;CodeMirror-gutter-wrapper\&amp;quot; contenteditable=\&amp;quot;false\&amp;quot; style=\&amp;quot;left: -53px;\&amp;quot;&amp;gt;&amp;lt;div class=\&amp;quot;CodeMirror-linenumber CodeMirror-gutter-elt\&amp;quot; style=\&amp;quot;left: 0px; width: 21px;\&amp;quot;&amp;gt;3&amp;lt;/div&amp;gt;&amp;lt;/div&amp;gt;&amp;lt;pre class=\&amp;quot; CodeMirror-line \&amp;quot; role=\&amp;quot;presentation\&amp;quot; style=\&amp;quot;\&amp;quot;&amp;gt;&amp;lt;span role=\&amp;quot;presentation\&amp;quot; style=\&amp;quot;padding-right: 0.1px;\&amp;quot;&amp;gt;    echo \&amp;quot;The number is: $x &amp;amp;lt;br&amp;amp;gt;\&amp;quot;;&amp;lt;/span&amp;gt;&amp;lt;/pre&amp;gt;&amp;lt;/div&amp;gt;&amp;lt;div style=\&amp;quot;position: relative;\&amp;quot;&amp;gt;&amp;lt;div class=\&amp;quot;CodeMirror-gutter-wrapper\&amp;quot; contenteditable=\&amp;quot;false\&amp;quot; style=\&amp;quot;left: -53px;\&amp;quot;&amp;gt;&amp;lt;div class=\&amp;quot;CodeMirror-linenumber CodeMirror-gutter-elt\&amp;quot; style=\&amp;quot;left: 0px; width: 21px;\&amp;quot;&amp;gt;4&amp;lt;/div&amp;gt;&amp;lt;/div&amp;gt;&amp;lt;pre class=\&amp;quot; CodeMirror-line \&amp;quot; role=\&amp;quot;presentation\&amp;quot; style=\&amp;quot;\&amp;quot;&amp;gt;&amp;lt;span role=\&amp;quot;presentation\&amp;quot; style=\&amp;quot;padding-right: 0.1px;\&amp;quot;&amp;gt;} &amp;lt;/span&amp;gt;&amp;lt;/pre&amp;gt;&amp;lt;/div&amp;gt;&amp;lt;div style=\&amp;quot;position: relative;\&amp;quot;&amp;gt;&amp;lt;div class=\&amp;quot;CodeMirror-gutter-wrapper\&amp;quot; contenteditable=\&amp;quot;false\&amp;quot; style=\&amp;quot;left: -53px;\&amp;quot;&amp;gt;&amp;lt;div class=\&amp;quot;CodeMirror-linenumber CodeMirror-gutter-elt\&amp;quot; style=\&amp;quot;left: 0px; width: 21px;\&amp;quot;&amp;gt;5&amp;lt;/div&amp;gt;&amp;lt;/div&amp;gt;&amp;lt;pre class=\&amp;quot; CodeMirror-line \&amp;quot; role=\&amp;quot;presentation\&amp;quot; style=\&amp;quot;\&amp;quot;&amp;gt;&amp;lt;span role=\&amp;quot;presentation\&amp;quot; style=\&amp;quot;padding-right: 0.1px;\&amp;quot;&amp;gt;?&amp;amp;gt;&amp;lt;/span&amp;gt;&amp;lt;/pre&amp;gt;&amp;lt;/div&amp;gt;\&amp;quot;)</message>
  <nestedLevel>1</nestedLevel>
  <property name="startLine">37</property>
  <property name="stepIndex">10</property>
</record>
<record>
  <date>2019-05-21T15:34:22</date>
  <millis>1558427662367</millis>
  <sequence>107</sequence>
  <level>PASSED</level>
  <class>com.kms.katalon.core.logging.XmlKeywordLogger</class>
  <method>logMessage</method>
  <thread>1</thread>
  <message>Text &amp;apos;&amp;lt;div style=\&amp;quot;position: relative;\&amp;quot;&amp;gt;&amp;lt;div class=\&amp;quot;CodeMirror-gutter-wrapper\&amp;quot; contenteditable=\&amp;quot;false\&amp;quot; style=\&amp;quot;left: -53px;\&amp;quot;&amp;gt;&amp;lt;div class=\&amp;quot;CodeMirror-linenumber CodeMirror-gutter-elt\&amp;quot; style=\&amp;quot;left: 0px; width: 21px;\&amp;quot;&amp;gt;1&amp;lt;/div&amp;gt;&amp;lt;/div&amp;gt;&amp;lt;pre class=\&amp;quot; CodeMirror-line \&amp;quot; role=\&amp;quot;presentation\&amp;quot; style=\&amp;quot;\&amp;quot;&amp;gt;&amp;lt;span role=\&amp;quot;presentation\&amp;quot; style=\&amp;quot;padding-right: 0.1px;\&amp;quot;&amp;gt;&amp;amp;lt;?php &amp;lt;/span&amp;gt;&amp;lt;/pre&amp;gt;&amp;lt;/div&amp;gt;&amp;lt;div style=\&amp;quot;position: relative;\&amp;quot;&amp;gt;&amp;lt;div class=\&amp;quot;CodeMirror-gutter-wrapper\&amp;quot; contenteditable=\&amp;quot;false\&amp;quot; style=\&amp;quot;left: -53px;\&amp;quot;&amp;gt;&amp;lt;div class=\&amp;quot;CodeMirror-linenumber CodeMirror-gutter-elt\&amp;quot; style=\&amp;quot;left: 0px; width: 21px;\&amp;quot;&amp;gt;2&amp;lt;/div&amp;gt;&amp;lt;/div&amp;gt;&amp;lt;pre class=\&amp;quot; CodeMirror-line \&amp;quot; role=\&amp;quot;presentation\&amp;quot; style=\&amp;quot;\&amp;quot;&amp;gt;&amp;lt;span role=\&amp;quot;presentation\&amp;quot; style=\&amp;quot;padding-right: 0.1px;\&amp;quot;&amp;gt;for ($x = 0; $x &amp;amp;lt;= 10; $x++) {&amp;lt;/span&amp;gt;&amp;lt;/pre&amp;gt;&amp;lt;/div&amp;gt;&amp;lt;div style=\&amp;quot;position: relative;\&amp;quot;&amp;gt;&amp;lt;div class=\&amp;quot;CodeMirror-gutter-wrapper\&amp;quot; contenteditable=\&amp;quot;false\&amp;quot; style=\&amp;quot;left: -53px;\&amp;quot;&amp;gt;&amp;lt;div class=\&amp;quot;CodeMirror-linenumber CodeMirror-gutter-elt\&amp;quot; style=\&amp;quot;left: 0px; width: 21px;\&amp;quot;&amp;gt;3&amp;lt;/div&amp;gt;&amp;lt;/div&amp;gt;&amp;lt;pre class=\&amp;quot; CodeMirror-line \&amp;quot; role=\&amp;quot;presentation\&amp;quot; style=\&amp;quot;\&amp;quot;&amp;gt;&amp;lt;span role=\&amp;quot;presentation\&amp;quot; style=\&amp;quot;padding-right: 0.1px;\&amp;quot;&amp;gt;    echo \&amp;quot;The number is: $x &amp;amp;lt;br&amp;amp;gt;\&amp;quot;;&amp;lt;/span&amp;gt;&amp;lt;/pre&amp;gt;&amp;lt;/div&amp;gt;&amp;lt;div style=\&amp;quot;position: relative;\&amp;quot;&amp;gt;&amp;lt;div class=\&amp;quot;CodeMirror-gutter-wrapper\&amp;quot; contenteditable=\&amp;quot;false\&amp;quot; style=\&amp;quot;left: -53px;\&amp;quot;&amp;gt;&amp;lt;div class=\&amp;quot;CodeMirror-linenumber CodeMirror-gutter-elt\&amp;quot; style=\&amp;quot;left: 0px; width: 21px;\&amp;quot;&amp;gt;4&amp;lt;/div&amp;gt;&amp;lt;/div&amp;gt;&amp;lt;pre class=\&amp;quot; CodeMirror-line \&amp;quot; role=\&amp;quot;presentation\&amp;quot; style=\&amp;quot;\&amp;quot;&amp;gt;&amp;lt;span role=\&amp;quot;presentation\&amp;quot; style=\&amp;quot;padding-right: 0.1px;\&amp;quot;&amp;gt;} &amp;lt;/span&amp;gt;&amp;lt;/pre&amp;gt;&amp;lt;/div&amp;gt;&amp;lt;div style=\&amp;quot;position: relative;\&amp;quot;&amp;gt;&amp;lt;div class=\&amp;quot;CodeMirror-gutter-wrapper\&amp;quot; contenteditable=\&amp;quot;false\&amp;quot; style=\&amp;quot;left: -53px;\&amp;quot;&amp;gt;&amp;lt;div class=\&amp;quot;CodeMirror-linenumber CodeMirror-gutter-elt\&amp;quot; style=\&amp;quot;left: 0px; width: 21px;\&amp;quot;&amp;gt;5&amp;lt;/div&amp;gt;&amp;lt;/div&amp;gt;&amp;lt;pre class=\&amp;quot; CodeMirror-line \&amp;quot; role=\&amp;quot;presentation\&amp;quot; style=\&amp;quot;\&amp;quot;&amp;gt;&amp;lt;span role=\&amp;quot;presentation\&amp;quot; style=\&amp;quot;padding-right: 0.1px;\&amp;quot;&amp;gt;?&amp;amp;gt;&amp;lt;/span&amp;gt;&amp;lt;/pre&amp;gt;&amp;lt;/div&amp;gt;&amp;apos; is set on object &amp;apos;Object Repository/Create a public gist/TC01/Page_Create a new Gist/div_1php 2for (x  0 x  10 x) 3    echo The number is x br4 5&amp;apos;</message>
  <nestedLevel>1</nestedLevel>
</record>
<record>
  <date>2019-05-21T15:34:22</date>
  <millis>1558427662369</millis>
  <sequence>108</sequence>
  <level>END</level>
  <class>com.kms.katalon.core.logging.XmlKeywordLogger</class>
  <method>endKeyword</method>
  <thread>1</thread>
  <message>End action : setText(findTestObject(\&amp;quot;Object Repository/Create a public gist/TC01/Page_Create a new Gist/div_1php 2for (x  0 x  10 x) 3    echo The number is x br4 5\&amp;quot;), \&amp;quot;&amp;lt;div style=\&amp;quot;position: relative;\&amp;quot;&amp;gt;&amp;lt;div class=\&amp;quot;CodeMirror-gutter-wrapper\&amp;quot; contenteditable=\&amp;quot;false\&amp;quot; style=\&amp;quot;left: -53px;\&amp;quot;&amp;gt;&amp;lt;div class=\&amp;quot;CodeMirror-linenumber CodeMirror-gutter-elt\&amp;quot; style=\&amp;quot;left: 0px; width: 21px;\&amp;quot;&amp;gt;1&amp;lt;/div&amp;gt;&amp;lt;/div&amp;gt;&amp;lt;pre class=\&amp;quot; CodeMirror-line \&amp;quot; role=\&amp;quot;presentation\&amp;quot; style=\&amp;quot;\&amp;quot;&amp;gt;&amp;lt;span role=\&amp;quot;presentation\&amp;quot; style=\&amp;quot;padding-right: 0.1px;\&amp;quot;&amp;gt;&amp;amp;lt;?php &amp;lt;/span&amp;gt;&amp;lt;/pre&amp;gt;&amp;lt;/div&amp;gt;&amp;lt;div style=\&amp;quot;position: relative;\&amp;quot;&amp;gt;&amp;lt;div class=\&amp;quot;CodeMirror-gutter-wrapper\&amp;quot; contenteditable=\&amp;quot;false\&amp;quot; style=\&amp;quot;left: -53px;\&amp;quot;&amp;gt;&amp;lt;div class=\&amp;quot;CodeMirror-linenumber CodeMirror-gutter-elt\&amp;quot; style=\&amp;quot;left: 0px; width: 21px;\&amp;quot;&amp;gt;2&amp;lt;/div&amp;gt;&amp;lt;/div&amp;gt;&amp;lt;pre class=\&amp;quot; CodeMirror-line \&amp;quot; role=\&amp;quot;presentation\&amp;quot; style=\&amp;quot;\&amp;quot;&amp;gt;&amp;lt;span role=\&amp;quot;presentation\&amp;quot; style=\&amp;quot;padding-right: 0.1px;\&amp;quot;&amp;gt;for ($x = 0; $x &amp;amp;lt;= 10; $x++) {&amp;lt;/span&amp;gt;&amp;lt;/pre&amp;gt;&amp;lt;/div&amp;gt;&amp;lt;div style=\&amp;quot;position: relative;\&amp;quot;&amp;gt;&amp;lt;div class=\&amp;quot;CodeMirror-gutter-wrapper\&amp;quot; contenteditable=\&amp;quot;false\&amp;quot; style=\&amp;quot;left: -53px;\&amp;quot;&amp;gt;&amp;lt;div class=\&amp;quot;CodeMirror-linenumber CodeMirror-gutter-elt\&amp;quot; style=\&amp;quot;left: 0px; width: 21px;\&amp;quot;&amp;gt;3&amp;lt;/div&amp;gt;&amp;lt;/div&amp;gt;&amp;lt;pre class=\&amp;quot; CodeMirror-line \&amp;quot; role=\&amp;quot;presentation\&amp;quot; style=\&amp;quot;\&amp;quot;&amp;gt;&amp;lt;span role=\&amp;quot;presentation\&amp;quot; style=\&amp;quot;padding-right: 0.1px;\&amp;quot;&amp;gt;    echo \&amp;quot;The number is: $x &amp;amp;lt;br&amp;amp;gt;\&amp;quot;;&amp;lt;/span&amp;gt;&amp;lt;/pre&amp;gt;&amp;lt;/div&amp;gt;&amp;lt;div style=\&amp;quot;position: relative;\&amp;quot;&amp;gt;&amp;lt;div class=\&amp;quot;CodeMirror-gutter-wrapper\&amp;quot; contenteditable=\&amp;quot;false\&amp;quot; style=\&amp;quot;left: -53px;\&amp;quot;&amp;gt;&amp;lt;div class=\&amp;quot;CodeMirror-linenumber CodeMirror-gutter-elt\&amp;quot; style=\&amp;quot;left: 0px; width: 21px;\&amp;quot;&amp;gt;4&amp;lt;/div&amp;gt;&amp;lt;/div&amp;gt;&amp;lt;pre class=\&amp;quot; CodeMirror-line \&amp;quot; role=\&amp;quot;presentation\&amp;quot; style=\&amp;quot;\&amp;quot;&amp;gt;&amp;lt;span role=\&amp;quot;presentation\&amp;quot; style=\&amp;quot;padding-right: 0.1px;\&amp;quot;&amp;gt;} &amp;lt;/span&amp;gt;&amp;lt;/pre&amp;gt;&amp;lt;/div&amp;gt;&amp;lt;div style=\&amp;quot;position: relative;\&amp;quot;&amp;gt;&amp;lt;div class=\&amp;quot;CodeMirror-gutter-wrapper\&amp;quot; contenteditable=\&amp;quot;false\&amp;quot; style=\&amp;quot;left: -53px;\&amp;quot;&amp;gt;&amp;lt;div class=\&amp;quot;CodeMirror-linenumber CodeMirror-gutter-elt\&amp;quot; style=\&amp;quot;left: 0px; width: 21px;\&amp;quot;&amp;gt;5&amp;lt;/div&amp;gt;&amp;lt;/div&amp;gt;&amp;lt;pre class=\&amp;quot; CodeMirror-line \&amp;quot; role=\&amp;quot;presentation\&amp;quot; style=\&amp;quot;\&amp;quot;&amp;gt;&amp;lt;span role=\&amp;quot;presentation\&amp;quot; style=\&amp;quot;padding-right: 0.1px;\&amp;quot;&amp;gt;?&amp;amp;gt;&amp;lt;/span&amp;gt;&amp;lt;/pre&amp;gt;&amp;lt;/div&amp;gt;\&amp;quot;)</message>
  <nestedLevel>1</nestedLevel>
</record>
<record>
  <date>2019-05-21T15:34:22</date>
  <millis>1558427662370</millis>
  <sequence>109</sequence>
  <level>START</level>
  <class>com.kms.katalon.core.logging.XmlKeywordLogger</class>
  <method>startKeyword</method>
  <thread>1</thread>
  <message>Start action : click(findTestObject(\&amp;quot;Object Repository/Create a public gist/TC01/Page_Create a new Gist/button_Create public gist\&amp;quot;))</message>
  <nestedLevel>1</nestedLevel>
  <property name="startLine">40</property>
  <property name="stepIndex">11</property>
</record>
<record>
  <date>2019-05-21T15:34:25</date>
  <millis>1558427665792</millis>
  <sequence>116</sequence>
  <level>PASSED</level>
  <class>com.kms.katalon.core.logging.XmlKeywordLogger</class>
  <method>logMessage</method>
  <thread>1</thread>
  <message>Object: &amp;apos;Object Repository/Create a public gist/TC01/Page_Create a new Gist/button_Create public gist&amp;apos; is clicked on</message>
  <nestedLevel>1</nestedLevel>
</record>
<record>
  <date>2019-05-21T15:34:25</date>
  <millis>1558427665793</millis>
  <sequence>117</sequence>
  <level>END</level>
  <class>com.kms.katalon.core.logging.XmlKeywordLogger</class>
  <method>endKeyword</method>
  <thread>1</thread>
  <message>End action : click(findTestObject(\&amp;quot;Object Repository/Create a public gist/TC01/Page_Create a new Gist/button_Create public gist\&amp;quot;))</message>
  <nestedLevel>1</nestedLevel>
</record>
<record>
  <date>2019-05-21T15:34:25</date>
  <millis>1558427665793</millis>
  <sequence>118</sequence>
  <level>PASSED</level>
  <class>com.kms.katalon.core.logging.XmlKeywordLogger</class>
  <method>logMessage</method>
  <thread>1</thread>
  <message>Test Cases/Create a public gist/TC01</message>
  <nestedLevel>1</nestedLevel>
</record>
<record>
  <date>2019-05-21T15:34:25</date>
  <millis>1558427665793</millis>
  <sequence>119</sequence>
  <level>END</level>
  <class>com.kms.katalon.core.logging.XmlKeywordLogger</class>
  <method>endTest</method>
  <thread>1</thread>
  <message>End Test Case : Test Cases/Create a public gist/TC01</message>
  <nestedLevel>0</nestedLevel>
</record>
<record>
  <date>2019-05-21T15:34:25</date>
  <millis>1558427665798</millis>
  <sequence>120</sequence>
  <level>START</level>
  <class>com.kms.katalon.core.logging.XmlKeywordLogger</class>
  <method>startTest</method>
  <thread>1</thread>
  <message>Start Test Case : Test Cases/Delete an existing gist/TC03</message>
  <nestedLevel>1</nestedLevel>
  <property name="name">Test Cases/Delete an existing gist/TC03</property>
  <property name="description"></property>
  <property name="id">Test Cases/Delete an existing gist/TC03</property>
  <property name="source">C:\\Users\\User\\Katalon Studio\\QA-Test\\Test Cases\\Delete an existing gist\\TC03.tc</property>
  <property name="isOptional">false</property>
</record>
<record>
  <date>2019-05-21T15:34:25</date>
  <millis>1558427665938</millis>
  <sequence>122</sequence>
  <level>START</level>
  <class>com.kms.katalon.core.logging.XmlKeywordLogger</class>
  <method>startKeyword</method>
  <thread>1</thread>
  <message>Start action : openBrowser(\&amp;quot;\&amp;quot;)</message>
  <nestedLevel>1</nestedLevel>
  <property name="startLine">16</property>
  <property name="stepIndex">1</property>
</record>
<record>
  <date>2019-05-21T15:34:25</date>
  <millis>1558427665940</millis>
  <sequence>124</sequence>
  <level>WARNING</level>
  <class>com.kms.katalon.core.logging.XmlKeywordLogger</class>
  <method>logMessage</method>
  <thread>1</thread>
  <message>A browser is already opened. Closing browser and opening a new one</message>
  <nestedLevel>1</nestedLevel>
</record>
<record>
  <date>2019-05-21T15:34:27</date>
  <millis>1558427667070</millis>
  <sequence>125</sequence>
  <level>INFO</level>
  <class>com.kms.katalon.core.logging.XmlKeywordLogger</class>
  <method>logMessage</method>
  <thread>1</thread>
  <message>Starting &amp;apos;Firefox&amp;apos; driver</message>
  <nestedLevel>1</nestedLevel>
</record>
<record>
  <date>2019-05-21T15:34:29</date>
  <millis>1558427669896</millis>
  <sequence>127</sequence>
  <level>RUN_DATA</level>
  <class>com.kms.katalon.core.logging.XmlKeywordLogger</class>
  <method>logMessage</method>
  <thread>1</thread>
  <message>sessionId = 8c240fd6-6202-41cd-8f79-d357d798364b</message>
  <nestedLevel>1</nestedLevel>
  <property name="sessionId">8c240fd6-6202-41cd-8f79-d357d798364b</property>
</record>
<record>
  <date>2019-05-21T15:34:29</date>
  <millis>1558427669909</millis>
  <sequence>128</sequence>
  <level>RUN_DATA</level>
  <class>com.kms.katalon.core.logging.XmlKeywordLogger</class>
  <method>logMessage</method>
  <thread>1</thread>
  <message>browser = Firefox 65.0</message>
  <nestedLevel>1</nestedLevel>
  <property name="browser">Firefox 65.0</property>
</record>
<record>
  <date>2019-05-21T15:34:29</date>
  <millis>1558427669910</millis>
  <sequence>129</sequence>
  <level>RUN_DATA</level>
  <class>com.kms.katalon.core.logging.XmlKeywordLogger</class>
  <method>logMessage</method>
  <thread>1</thread>
  <message>platform = Windows 10</message>
  <nestedLevel>1</nestedLevel>
  <property name="platform">Windows 10</property>
</record>
<record>
  <date>2019-05-21T15:34:29</date>
  <millis>1558427669910</millis>
  <sequence>130</sequence>
  <level>RUN_DATA</level>
  <class>com.kms.katalon.core.logging.XmlKeywordLogger</class>
  <method>logMessage</method>
  <thread>1</thread>
  <message>seleniumVersion = 3.7.1</message>
  <nestedLevel>1</nestedLevel>
  <property name="seleniumVersion">3.7.1</property>
</record>
<record>
  <date>2019-05-21T15:34:29</date>
  <millis>1558427669910</millis>
  <sequence>131</sequence>
  <level>RUN_DATA</level>
  <class>com.kms.katalon.core.logging.XmlKeywordLogger</class>
  <method>logMessage</method>
  <thread>1</thread>
  <message>proxyInformation = ProxyInformation{proxyOption=NO_PROXY, proxyServerType=HTTP, password=, proxyServerAddress=, proxyServerPort=0}</message>
  <nestedLevel>1</nestedLevel>
  <property name="proxyInformation">ProxyInformation{proxyOption=NO_PROXY, proxyServerType=HTTP, password=, proxyServerAddress=, proxyServerPort=0}</property>
</record>
<record>
  <date>2019-05-21T15:34:29</date>
  <millis>1558427669911</millis>
  <sequence>132</sequence>
  <level>PASSED</level>
  <class>com.kms.katalon.core.logging.XmlKeywordLogger</class>
  <method>logMessage</method>
  <thread>1</thread>
  <message>Browser is opened with url: &amp;apos;&amp;apos;</message>
  <nestedLevel>1</nestedLevel>
</record>
<record>
  <date>2019-05-21T15:34:29</date>
  <millis>1558427669911</millis>
  <sequence>133</sequence>
  <level>END</level>
  <class>com.kms.katalon.core.logging.XmlKeywordLogger</class>
  <method>endKeyword</method>
  <thread>1</thread>
  <message>End action : openBrowser(\&amp;quot;\&amp;quot;)</message>
  <nestedLevel>1</nestedLevel>
</record>
<record>
  <date>2019-05-21T15:34:29</date>
  <millis>1558427669911</millis>
  <sequence>134</sequence>
  <level>START</level>
  <class>com.kms.katalon.core.logging.XmlKeywordLogger</class>
  <method>startKeyword</method>
  <thread>1</thread>
  <message>Start action : navigateToUrl(\&amp;quot;https://gist.github.com/discover\&amp;quot;)</message>
  <nestedLevel>1</nestedLevel>
  <property name="startLine">18</property>
  <property name="stepIndex">2</property>
</record>
<record>
  <date>2019-05-21T15:34:31</date>
  <millis>1558427671209</millis>
  <sequence>137</sequence>
  <level>PASSED</level>
  <class>com.kms.katalon.core.logging.XmlKeywordLogger</class>
  <method>logMessage</method>
  <thread>1</thread>
  <message>Navigate to &amp;apos;https://gist.github.com/discover&amp;apos; successfully</message>
  <nestedLevel>1</nestedLevel>
</record>
<record>
  <date>2019-05-21T15:34:31</date>
  <millis>1558427671210</millis>
  <sequence>138</sequence>
  <level>END</level>
  <class>com.kms.katalon.core.logging.XmlKeywordLogger</class>
  <method>endKeyword</method>
  <thread>1</thread>
  <message>End action : navigateToUrl(\&amp;quot;https://gist.github.com/discover\&amp;quot;)</message>
  <nestedLevel>1</nestedLevel>
</record>
<record>
  <date>2019-05-21T15:34:31</date>
  <millis>1558427671210</millis>
  <sequence>139</sequence>
  <level>START</level>
  <class>com.kms.katalon.core.logging.XmlKeywordLogger</class>
  <method>startKeyword</method>
  <thread>1</thread>
  <message>Start action : click(findTestObject(\&amp;quot;Object Repository/Delete an existing gist/TC03/Page_Discover gists  GitHub/a_Signin\&amp;quot;))</message>
  <nestedLevel>1</nestedLevel>
  <property name="startLine">20</property>
  <property name="stepIndex">3</property>
</record>
<record>
  <date>2019-05-21T15:34:33</date>
  <millis>1558427673536</millis>
  <sequence>146</sequence>
  <level>PASSED</level>
  <class>com.kms.katalon.core.logging.XmlKeywordLogger</class>
  <method>logMessage</method>
  <thread>1</thread>
  <message>Object: &amp;apos;Object Repository/Delete an existing gist/TC03/Page_Discover gists  GitHub/a_Signin&amp;apos; is clicked on</message>
  <nestedLevel>1</nestedLevel>
</record>
<record>
  <date>2019-05-21T15:34:33</date>
  <millis>1558427673536</millis>
  <sequence>147</sequence>
  <level>END</level>
  <class>com.kms.katalon.core.logging.XmlKeywordLogger</class>
  <method>endKeyword</method>
  <thread>1</thread>
  <message>End action : click(findTestObject(\&amp;quot;Object Repository/Delete an existing gist/TC03/Page_Discover gists  GitHub/a_Signin\&amp;quot;))</message>
  <nestedLevel>1</nestedLevel>
</record>
<record>
  <date>2019-05-21T15:34:33</date>
  <millis>1558427673536</millis>
  <sequence>148</sequence>
  <level>START</level>
  <class>com.kms.katalon.core.logging.XmlKeywordLogger</class>
  <method>startKeyword</method>
  <thread>1</thread>
  <message>Start action : setText(findTestObject(\&amp;quot;Object Repository/Delete an existing gist/TC03/Page_Sign in to GitHub  GitHub/input_Username or email address_login\&amp;quot;), \&amp;quot;rickytampubolon97@gmail.com\&amp;quot;)</message>
  <nestedLevel>1</nestedLevel>
  <property name="startLine">22</property>
  <property name="stepIndex">4</property>
</record>
<record>
  <date>2019-05-21T15:34:33</date>
  <millis>1558427673598</millis>
  <sequence>160</sequence>
  <level>PASSED</level>
  <class>com.kms.katalon.core.logging.XmlKeywordLogger</class>
  <method>logMessage</method>
  <thread>1</thread>
  <message>Text &amp;apos;rickytampubolon97@gmail.com&amp;apos; is set on object &amp;apos;Object Repository/Delete an existing gist/TC03/Page_Sign in to GitHub  GitHub/input_Username or email address_login&amp;apos;</message>
  <nestedLevel>1</nestedLevel>
</record>
<record>
  <date>2019-05-21T15:34:33</date>
  <millis>1558427673600</millis>
  <sequence>161</sequence>
  <level>END</level>
  <class>com.kms.katalon.core.logging.XmlKeywordLogger</class>
  <method>endKeyword</method>
  <thread>1</thread>
  <message>End action : setText(findTestObject(\&amp;quot;Object Repository/Delete an existing gist/TC03/Page_Sign in to GitHub  GitHub/input_Username or email address_login\&amp;quot;), \&amp;quot;rickytampubolon97@gmail.com\&amp;quot;)</message>
  <nestedLevel>1</nestedLevel>
</record>
<record>
  <date>2019-05-21T15:34:33</date>
  <millis>1558427673601</millis>
  <sequence>162</sequence>
  <level>START</level>
  <class>com.kms.katalon.core.logging.XmlKeywordLogger</class>
  <method>startKeyword</method>
  <thread>1</thread>
  <message>Start action : setEncryptedText(findTestObject(\&amp;quot;Object Repository/Delete an existing gist/TC03/Page_Sign in to GitHub  GitHub/input_Forgot password_password\&amp;quot;), \&amp;quot;aWiFznaQQ9/aU/+XfrlMyg==\&amp;quot;)</message>
  <nestedLevel>1</nestedLevel>
  <property name="startLine">25</property>
  <property name="stepIndex">5</property>
</record>
<record>
  <date>2019-05-21T15:34:33</date>
  <millis>1558427673643</millis>
  <sequence>171</sequence>
  <level>PASSED</level>
  <class>com.kms.katalon.core.logging.XmlKeywordLogger</class>
  <method>logMessage</method>
  <thread>1</thread>
  <message>Text ****** has been set on object &amp;apos;Object Repository/Delete an existing gist/TC03/Page_Sign in to GitHub  GitHub/input_Forgot password_password&amp;apos;</message>
  <nestedLevel>1</nestedLevel>
</record>
<record>
  <date>2019-05-21T15:34:33</date>
  <millis>1558427673644</millis>
  <sequence>172</sequence>
  <level>END</level>
  <class>com.kms.katalon.core.logging.XmlKeywordLogger</class>
  <method>endKeyword</method>
  <thread>1</thread>
  <message>End action : setEncryptedText(findTestObject(\&amp;quot;Object Repository/Delete an existing gist/TC03/Page_Sign in to GitHub  GitHub/input_Forgot password_password\&amp;quot;), \&amp;quot;aWiFznaQQ9/aU/+XfrlMyg==\&amp;quot;)</message>
  <nestedLevel>1</nestedLevel>
</record>
<record>
  <date>2019-05-21T15:34:33</date>
  <millis>1558427673644</millis>
  <sequence>173</sequence>
  <level>START</level>
  <class>com.kms.katalon.core.logging.XmlKeywordLogger</class>
  <method>startKeyword</method>
  <thread>1</thread>
  <message>Start action : click(findTestObject(\&amp;quot;Object Repository/Delete an existing gist/TC03/Page_Sign in to GitHub  GitHub/input_Forgot password_commit\&amp;quot;))</message>
  <nestedLevel>1</nestedLevel>
  <property name="startLine">28</property>
  <property name="stepIndex">6</property>
</record>
<record>
  <date>2019-05-21T15:34:35</date>
  <millis>1558427675823</millis>
  <sequence>180</sequence>
  <level>PASSED</level>
  <class>com.kms.katalon.core.logging.XmlKeywordLogger</class>
  <method>logMessage</method>
  <thread>1</thread>
  <message>Object: &amp;apos;Object Repository/Delete an existing gist/TC03/Page_Sign in to GitHub  GitHub/input_Forgot password_commit&amp;apos; is clicked on</message>
  <nestedLevel>1</nestedLevel>
</record>
<record>
  <date>2019-05-21T15:34:35</date>
  <millis>1558427675824</millis>
  <sequence>181</sequence>
  <level>END</level>
  <class>com.kms.katalon.core.logging.XmlKeywordLogger</class>
  <method>endKeyword</method>
  <thread>1</thread>
  <message>End action : click(findTestObject(\&amp;quot;Object Repository/Delete an existing gist/TC03/Page_Sign in to GitHub  GitHub/input_Forgot password_commit\&amp;quot;))</message>
  <nestedLevel>1</nestedLevel>
</record>
<record>
  <date>2019-05-21T15:34:35</date>
  <millis>1558427675824</millis>
  <sequence>182</sequence>
  <level>START</level>
  <class>com.kms.katalon.core.logging.XmlKeywordLogger</class>
  <method>startKeyword</method>
  <thread>1</thread>
  <message>Start action : click(findTestObject(\&amp;quot;Object Repository/Delete an existing gist/TC03/Page_Discover gists/span_Back to GitHub_dropdown-caret\&amp;quot;))</message>
  <nestedLevel>1</nestedLevel>
  <property name="startLine">30</property>
  <property name="stepIndex">7</property>
</record>
<record>
  <date>2019-05-21T15:34:36</date>
  <millis>1558427676066</millis>
  <sequence>189</sequence>
  <level>PASSED</level>
  <class>com.kms.katalon.core.logging.XmlKeywordLogger</class>
  <method>logMessage</method>
  <thread>1</thread>
  <message>Object: &amp;apos;Object Repository/Delete an existing gist/TC03/Page_Discover gists/span_Back to GitHub_dropdown-caret&amp;apos; is clicked on</message>
  <nestedLevel>1</nestedLevel>
</record>
<record>
  <date>2019-05-21T15:34:36</date>
  <millis>1558427676067</millis>
  <sequence>190</sequence>
  <level>END</level>
  <class>com.kms.katalon.core.logging.XmlKeywordLogger</class>
  <method>endKeyword</method>
  <thread>1</thread>
  <message>End action : click(findTestObject(\&amp;quot;Object Repository/Delete an existing gist/TC03/Page_Discover gists/span_Back to GitHub_dropdown-caret\&amp;quot;))</message>
  <nestedLevel>1</nestedLevel>
</record>
<record>
  <date>2019-05-21T15:34:36</date>
  <millis>1558427676067</millis>
  <sequence>191</sequence>
  <level>START</level>
  <class>com.kms.katalon.core.logging.XmlKeywordLogger</class>
  <method>startKeyword</method>
  <thread>1</thread>
  <message>Start action : click(findTestObject(\&amp;quot;Object Repository/Delete an existing gist/TC03/Page_Discover gists/a_Your gists\&amp;quot;))</message>
  <nestedLevel>1</nestedLevel>
  <property name="startLine">32</property>
  <property name="stepIndex">8</property>
</record>
<record>
  <date>2019-05-21T15:34:36</date>
  <millis>1558427676732</millis>
  <sequence>198</sequence>
  <level>PASSED</level>
  <class>com.kms.katalon.core.logging.XmlKeywordLogger</class>
  <method>logMessage</method>
  <thread>1</thread>
  <message>Object: &amp;apos;Object Repository/Delete an existing gist/TC03/Page_Discover gists/a_Your gists&amp;apos; is clicked on</message>
  <nestedLevel>1</nestedLevel>
</record>
<record>
  <date>2019-05-21T15:34:36</date>
  <millis>1558427676733</millis>
  <sequence>199</sequence>
  <level>END</level>
  <class>com.kms.katalon.core.logging.XmlKeywordLogger</class>
  <method>endKeyword</method>
  <thread>1</thread>
  <message>End action : click(findTestObject(\&amp;quot;Object Repository/Delete an existing gist/TC03/Page_Discover gists/a_Your gists\&amp;quot;))</message>
  <nestedLevel>1</nestedLevel>
</record>
<record>
  <date>2019-05-21T15:34:36</date>
  <millis>1558427676733</millis>
  <sequence>200</sequence>
  <level>START</level>
  <class>com.kms.katalon.core.logging.XmlKeywordLogger</class>
  <method>startKeyword</method>
  <thread>1</thread>
  <message>Start action : click(findTestObject(\&amp;quot;Object Repository/Delete an existing gist/TC03/Page_rickytampubolons gists/strong_gist5b1b0ea46bda37caf3499b06cdc0ebcc\&amp;quot;))</message>
  <nestedLevel>1</nestedLevel>
  <property name="startLine">34</property>
  <property name="stepIndex">9</property>
</record>
<record>
  <date>2019-05-21T15:34:37</date>
  <millis>1558427677327</millis>
  <sequence>207</sequence>
  <level>PASSED</level>
  <class>com.kms.katalon.core.logging.XmlKeywordLogger</class>
  <method>logMessage</method>
  <thread>1</thread>
  <message>Object: &amp;apos;Object Repository/Delete an existing gist/TC03/Page_rickytampubolons gists/strong_gist5b1b0ea46bda37caf3499b06cdc0ebcc&amp;apos; is clicked on</message>
  <nestedLevel>1</nestedLevel>
</record>
<record>
  <date>2019-05-21T15:34:37</date>
  <millis>1558427677328</millis>
  <sequence>208</sequence>
  <level>END</level>
  <class>com.kms.katalon.core.logging.XmlKeywordLogger</class>
  <method>endKeyword</method>
  <thread>1</thread>
  <message>End action : click(findTestObject(\&amp;quot;Object Repository/Delete an existing gist/TC03/Page_rickytampubolons gists/strong_gist5b1b0ea46bda37caf3499b06cdc0ebcc\&amp;quot;))</message>
  <nestedLevel>1</nestedLevel>
</record>
<record>
  <date>2019-05-21T15:34:37</date>
  <millis>1558427677328</millis>
  <sequence>209</sequence>
  <level>START</level>
  <class>com.kms.katalon.core.logging.XmlKeywordLogger</class>
  <method>startKeyword</method>
  <thread>1</thread>
  <message>Start action : click(findTestObject(\&amp;quot;Object Repository/Delete an existing gist/TC03/Page_Looping in C/button_Delete\&amp;quot;))</message>
  <nestedLevel>1</nestedLevel>
  <property name="startLine">36</property>
  <property name="stepIndex">10</property>
</record>
<record>
  <date>2019-05-21T15:34:37</date>
  <millis>1558427677396</millis>
  <sequence>216</sequence>
  <level>PASSED</level>
  <class>com.kms.katalon.core.logging.XmlKeywordLogger</class>
  <method>logMessage</method>
  <thread>1</thread>
  <message>Object: &amp;apos;Object Repository/Delete an existing gist/TC03/Page_Looping in C/button_Delete&amp;apos; is clicked on</message>
  <nestedLevel>1</nestedLevel>
</record>
<record>
  <date>2019-05-21T15:34:37</date>
  <millis>1558427677396</millis>
  <sequence>217</sequence>
  <level>END</level>
  <class>com.kms.katalon.core.logging.XmlKeywordLogger</class>
  <method>endKeyword</method>
  <thread>1</thread>
  <message>End action : click(findTestObject(\&amp;quot;Object Repository/Delete an existing gist/TC03/Page_Looping in C/button_Delete\&amp;quot;))</message>
  <nestedLevel>1</nestedLevel>
</record>
<record>
  <date>2019-05-21T15:34:37</date>
  <millis>1558427677397</millis>
  <sequence>218</sequence>
  <level>PASSED</level>
  <class>com.kms.katalon.core.logging.XmlKeywordLogger</class>
  <method>logMessage</method>
  <thread>1</thread>
  <message>Test Cases/Delete an existing gist/TC03</message>
  <nestedLevel>1</nestedLevel>
</record>
<record>
  <date>2019-05-21T15:34:37</date>
  <millis>1558427677397</millis>
  <sequence>219</sequence>
  <level>END</level>
  <class>com.kms.katalon.core.logging.XmlKeywordLogger</class>
  <method>endTest</method>
  <thread>1</thread>
  <message>End Test Case : Test Cases/Delete an existing gist/TC03</message>
  <nestedLevel>0</nestedLevel>
</record>
<record>
  <date>2019-05-21T15:34:37</date>
  <millis>1558427677400</millis>
  <sequence>220</sequence>
  <level>START</level>
  <class>com.kms.katalon.core.logging.XmlKeywordLogger</class>
  <method>startTest</method>
  <thread>1</thread>
  <message>Start Test Case : Test Cases/Edit an existing gist/TC02</message>
  <nestedLevel>1</nestedLevel>
  <property name="name">Test Cases/Edit an existing gist/TC02</property>
  <property name="description"></property>
  <property name="id">Test Cases/Edit an existing gist/TC02</property>
  <property name="source">C:\\Users\\User\\Katalon Studio\\QA-Test\\Test Cases\\Edit an existing gist\\TC02.tc</property>
  <property name="isOptional">false</property>
</record>
<record>
  <date>2019-05-21T15:34:37</date>
  <millis>1558427677502</millis>
  <sequence>222</sequence>
  <level>START</level>
  <class>com.kms.katalon.core.logging.XmlKeywordLogger</class>
  <method>startKeyword</method>
  <thread>1</thread>
  <message>Start action : openBrowser(\&amp;quot;\&amp;quot;)</message>
  <nestedLevel>1</nestedLevel>
  <property name="startLine">16</property>
  <property name="stepIndex">1</property>
</record>
<record>
  <date>2019-05-21T15:34:37</date>
  <millis>1558427677504</millis>
  <sequence>224</sequence>
  <level>WARNING</level>
  <class>com.kms.katalon.core.logging.XmlKeywordLogger</class>
  <method>logMessage</method>
  <thread>1</thread>
  <message>A browser is already opened. Closing browser and opening a new one</message>
  <nestedLevel>1</nestedLevel>
</record>
<record>
  <date>2019-05-21T15:34:38</date>
  <millis>1558427678711</millis>
  <sequence>225</sequence>
  <level>INFO</level>
  <class>com.kms.katalon.core.logging.XmlKeywordLogger</class>
  <method>logMessage</method>
  <thread>1</thread>
  <message>Starting &amp;apos;Firefox&amp;apos; driver</message>
  <nestedLevel>1</nestedLevel>
</record>
<record>
  <date>2019-05-21T15:34:41</date>
  <millis>1558427681520</millis>
  <sequence>227</sequence>
  <level>RUN_DATA</level>
  <class>com.kms.katalon.core.logging.XmlKeywordLogger</class>
  <method>logMessage</method>
  <thread>1</thread>
  <message>sessionId = 47e57e24-92e7-46e1-bbe8-fc58e653488b</message>
  <nestedLevel>1</nestedLevel>
  <property name="sessionId">47e57e24-92e7-46e1-bbe8-fc58e653488b</property>
</record>
<record>
  <date>2019-05-21T15:34:41</date>
  <millis>1558427681542</millis>
  <sequence>228</sequence>
  <level>RUN_DATA</level>
  <class>com.kms.katalon.core.logging.XmlKeywordLogger</class>
  <method>logMessage</method>
  <thread>1</thread>
  <message>browser = Firefox 65.0</message>
  <nestedLevel>1</nestedLevel>
  <property name="browser">Firefox 65.0</property>
</record>
<record>
  <date>2019-05-21T15:34:41</date>
  <millis>1558427681542</millis>
  <sequence>229</sequence>
  <level>RUN_DATA</level>
  <class>com.kms.katalon.core.logging.XmlKeywordLogger</class>
  <method>logMessage</method>
  <thread>1</thread>
  <message>platform = Windows 10</message>
  <nestedLevel>1</nestedLevel>
  <property name="platform">Windows 10</property>
</record>
<record>
  <date>2019-05-21T15:34:41</date>
  <millis>1558427681542</millis>
  <sequence>230</sequence>
  <level>RUN_DATA</level>
  <class>com.kms.katalon.core.logging.XmlKeywordLogger</class>
  <method>logMessage</method>
  <thread>1</thread>
  <message>seleniumVersion = 3.7.1</message>
  <nestedLevel>1</nestedLevel>
  <property name="seleniumVersion">3.7.1</property>
</record>
<record>
  <date>2019-05-21T15:34:41</date>
  <millis>1558427681543</millis>
  <sequence>231</sequence>
  <level>RUN_DATA</level>
  <class>com.kms.katalon.core.logging.XmlKeywordLogger</class>
  <method>logMessage</method>
  <thread>1</thread>
  <message>proxyInformation = ProxyInformation{proxyOption=NO_PROXY, proxyServerType=HTTP, password=, proxyServerAddress=, proxyServerPort=0}</message>
  <nestedLevel>1</nestedLevel>
  <property name="proxyInformation">ProxyInformation{proxyOption=NO_PROXY, proxyServerType=HTTP, password=, proxyServerAddress=, proxyServerPort=0}</property>
</record>
<record>
  <date>2019-05-21T15:34:41</date>
  <millis>1558427681543</millis>
  <sequence>232</sequence>
  <level>PASSED</level>
  <class>com.kms.katalon.core.logging.XmlKeywordLogger</class>
  <method>logMessage</method>
  <thread>1</thread>
  <message>Browser is opened with url: &amp;apos;&amp;apos;</message>
  <nestedLevel>1</nestedLevel>
</record>
<record>
  <date>2019-05-21T15:34:41</date>
  <millis>1558427681543</millis>
  <sequence>233</sequence>
  <level>END</level>
  <class>com.kms.katalon.core.logging.XmlKeywordLogger</class>
  <method>endKeyword</method>
  <thread>1</thread>
  <message>End action : openBrowser(\&amp;quot;\&amp;quot;)</message>
  <nestedLevel>1</nestedLevel>
</record>
<record>
  <date>2019-05-21T15:34:41</date>
  <millis>1558427681543</millis>
  <sequence>234</sequence>
  <level>START</level>
  <class>com.kms.katalon.core.logging.XmlKeywordLogger</class>
  <method>startKeyword</method>
  <thread>1</thread>
  <message>Start action : navigateToUrl(\&amp;quot;https://gist.github.com/discover\&amp;quot;)</message>
  <nestedLevel>1</nestedLevel>
  <property name="startLine">18</property>
  <property name="stepIndex">2</property>
</record>
<record>
  <date>2019-05-21T15:34:43</date>
  <millis>1558427683131</millis>
  <sequence>237</sequence>
  <level>PASSED</level>
  <class>com.kms.katalon.core.logging.XmlKeywordLogger</class>
  <method>logMessage</method>
  <thread>1</thread>
  <message>Navigate to &amp;apos;https://gist.github.com/discover&amp;apos; successfully</message>
  <nestedLevel>1</nestedLevel>
</record>
<record>
  <date>2019-05-21T15:34:43</date>
  <millis>1558427683132</millis>
  <sequence>238</sequence>
  <level>END</level>
  <class>com.kms.katalon.core.logging.XmlKeywordLogger</class>
  <method>endKeyword</method>
  <thread>1</thread>
  <message>End action : navigateToUrl(\&amp;quot;https://gist.github.com/discover\&amp;quot;)</message>
  <nestedLevel>1</nestedLevel>
</record>
<record>
  <date>2019-05-21T15:34:43</date>
  <millis>1558427683132</millis>
  <sequence>239</sequence>
  <level>START</level>
  <class>com.kms.katalon.core.logging.XmlKeywordLogger</class>
  <method>startKeyword</method>
  <thread>1</thread>
  <message>Start action : click(findTestObject(\&amp;quot;Object Repository/Edit an existing gist/TC02/Page_Discover gists  GitHub/a_Signin\&amp;quot;))</message>
  <nestedLevel>1</nestedLevel>
  <property name="startLine">20</property>
  <property name="stepIndex">3</property>
</record>
<record>
  <date>2019-05-21T15:34:45</date>
  <millis>1558427685041</millis>
  <sequence>246</sequence>
  <level>PASSED</level>
  <class>com.kms.katalon.core.logging.XmlKeywordLogger</class>
  <method>logMessage</method>
  <thread>1</thread>
  <message>Object: &amp;apos;Object Repository/Edit an existing gist/TC02/Page_Discover gists  GitHub/a_Signin&amp;apos; is clicked on</message>
  <nestedLevel>1</nestedLevel>
</record>
<record>
  <date>2019-05-21T15:34:45</date>
  <millis>1558427685042</millis>
  <sequence>247</sequence>
  <level>END</level>
  <class>com.kms.katalon.core.logging.XmlKeywordLogger</class>
  <method>endKeyword</method>
  <thread>1</thread>
  <message>End action : click(findTestObject(\&amp;quot;Object Repository/Edit an existing gist/TC02/Page_Discover gists  GitHub/a_Signin\&amp;quot;))</message>
  <nestedLevel>1</nestedLevel>
</record>
<record>
  <date>2019-05-21T15:34:45</date>
  <millis>1558427685042</millis>
  <sequence>248</sequence>
  <level>START</level>
  <class>com.kms.katalon.core.logging.XmlKeywordLogger</class>
  <method>startKeyword</method>
  <thread>1</thread>
  <message>Start action : setText(findTestObject(\&amp;quot;Object Repository/Edit an existing gist/TC02/Page_Sign in to GitHub  GitHub/input_Username or email address_login\&amp;quot;), \&amp;quot;rickytampubolon97@gmail.com\&amp;quot;)</message>
  <nestedLevel>1</nestedLevel>
  <property name="startLine">22</property>
  <property name="stepIndex">4</property>
</record>
<record>
  <date>2019-05-21T15:34:45</date>
  <millis>1558427685095</millis>
  <sequence>260</sequence>
  <level>PASSED</level>
  <class>com.kms.katalon.core.logging.XmlKeywordLogger</class>
  <method>logMessage</method>
  <thread>1</thread>
  <message>Text &amp;apos;rickytampubolon97@gmail.com&amp;apos; is set on object &amp;apos;Object Repository/Edit an existing gist/TC02/Page_Sign in to GitHub  GitHub/input_Username or email address_login&amp;apos;</message>
  <nestedLevel>1</nestedLevel>
</record>
<record>
  <date>2019-05-21T15:34:45</date>
  <millis>1558427685095</millis>
  <sequence>261</sequence>
  <level>END</level>
  <class>com.kms.katalon.core.logging.XmlKeywordLogger</class>
  <method>endKeyword</method>
  <thread>1</thread>
  <message>End action : setText(findTestObject(\&amp;quot;Object Repository/Edit an existing gist/TC02/Page_Sign in to GitHub  GitHub/input_Username or email address_login\&amp;quot;), \&amp;quot;rickytampubolon97@gmail.com\&amp;quot;)</message>
  <nestedLevel>1</nestedLevel>
</record>
<record>
  <date>2019-05-21T15:34:45</date>
  <millis>1558427685095</millis>
  <sequence>262</sequence>
  <level>START</level>
  <class>com.kms.katalon.core.logging.XmlKeywordLogger</class>
  <method>startKeyword</method>
  <thread>1</thread>
  <message>Start action : setEncryptedText(findTestObject(\&amp;quot;Object Repository/Edit an existing gist/TC02/Page_Sign in to GitHub  GitHub/input_Forgot password_password\&amp;quot;), \&amp;quot;aWiFznaQQ9/aU/+XfrlMyg==\&amp;quot;)</message>
  <nestedLevel>1</nestedLevel>
  <property name="startLine">25</property>
  <property name="stepIndex">5</property>
</record>
<record>
  <date>2019-05-21T15:34:45</date>
  <millis>1558427685134</millis>
  <sequence>271</sequence>
  <level>PASSED</level>
  <class>com.kms.katalon.core.logging.XmlKeywordLogger</class>
  <method>logMessage</method>
  <thread>1</thread>
  <message>Text ****** has been set on object &amp;apos;Object Repository/Edit an existing gist/TC02/Page_Sign in to GitHub  GitHub/input_Forgot password_password&amp;apos;</message>
  <nestedLevel>1</nestedLevel>
</record>
<record>
  <date>2019-05-21T15:34:45</date>
  <millis>1558427685134</millis>
  <sequence>272</sequence>
  <level>END</level>
  <class>com.kms.katalon.core.logging.XmlKeywordLogger</class>
  <method>endKeyword</method>
  <thread>1</thread>
  <message>End action : setEncryptedText(findTestObject(\&amp;quot;Object Repository/Edit an existing gist/TC02/Page_Sign in to GitHub  GitHub/input_Forgot password_password\&amp;quot;), \&amp;quot;aWiFznaQQ9/aU/+XfrlMyg==\&amp;quot;)</message>
  <nestedLevel>1</nestedLevel>
</record>
<record>
  <date>2019-05-21T15:34:45</date>
  <millis>1558427685134</millis>
  <sequence>273</sequence>
  <level>START</level>
  <class>com.kms.katalon.core.logging.XmlKeywordLogger</class>
  <method>startKeyword</method>
  <thread>1</thread>
  <message>Start action : click(findTestObject(\&amp;quot;Object Repository/Edit an existing gist/TC02/Page_Sign in to GitHub  GitHub/input_Forgot password_commit\&amp;quot;))</message>
  <nestedLevel>1</nestedLevel>
  <property name="startLine">28</property>
  <property name="stepIndex">6</property>
</record>
<record>
  <date>2019-05-21T15:34:47</date>
  <millis>1558427687521</millis>
  <sequence>280</sequence>
  <level>PASSED</level>
  <class>com.kms.katalon.core.logging.XmlKeywordLogger</class>
  <method>logMessage</method>
  <thread>1</thread>
  <message>Object: &amp;apos;Object Repository/Edit an existing gist/TC02/Page_Sign in to GitHub  GitHub/input_Forgot password_commit&amp;apos; is clicked on</message>
  <nestedLevel>1</nestedLevel>
</record>
<record>
  <date>2019-05-21T15:34:47</date>
  <millis>1558427687521</millis>
  <sequence>281</sequence>
  <level>END</level>
  <class>com.kms.katalon.core.logging.XmlKeywordLogger</class>
  <method>endKeyword</method>
  <thread>1</thread>
  <message>End action : click(findTestObject(\&amp;quot;Object Repository/Edit an existing gist/TC02/Page_Sign in to GitHub  GitHub/input_Forgot password_commit\&amp;quot;))</message>
  <nestedLevel>1</nestedLevel>
</record>
<record>
  <date>2019-05-21T15:34:47</date>
  <millis>1558427687522</millis>
  <sequence>282</sequence>
  <level>START</level>
  <class>com.kms.katalon.core.logging.XmlKeywordLogger</class>
  <method>startKeyword</method>
  <thread>1</thread>
  <message>Start action : click(findTestObject(\&amp;quot;Object Repository/Edit an existing gist/TC02/Page_Discover gists/span_Back to GitHub_dropdown-caret\&amp;quot;))</message>
  <nestedLevel>1</nestedLevel>
  <property name="startLine">30</property>
  <property name="stepIndex">7</property>
</record>
<record>
  <date>2019-05-21T15:34:47</date>
  <millis>1558427687758</millis>
  <sequence>289</sequence>
  <level>PASSED</level>
  <class>com.kms.katalon.core.logging.XmlKeywordLogger</class>
  <method>logMessage</method>
  <thread>1</thread>
  <message>Object: &amp;apos;Object Repository/Edit an existing gist/TC02/Page_Discover gists/span_Back to GitHub_dropdown-caret&amp;apos; is clicked on</message>
  <nestedLevel>1</nestedLevel>
</record>
<record>
  <date>2019-05-21T15:34:47</date>
  <millis>1558427687759</millis>
  <sequence>290</sequence>
  <level>END</level>
  <class>com.kms.katalon.core.logging.XmlKeywordLogger</class>
  <method>endKeyword</method>
  <thread>1</thread>
  <message>End action : click(findTestObject(\&amp;quot;Object Repository/Edit an existing gist/TC02/Page_Discover gists/span_Back to GitHub_dropdown-caret\&amp;quot;))</message>
  <nestedLevel>1</nestedLevel>
</record>
<record>
  <date>2019-05-21T15:34:47</date>
  <millis>1558427687759</millis>
  <sequence>291</sequence>
  <level>START</level>
  <class>com.kms.katalon.core.logging.XmlKeywordLogger</class>
  <method>startKeyword</method>
  <thread>1</thread>
  <message>Start action : click(findTestObject(\&amp;quot;Object Repository/Edit an existing gist/TC02/Page_Discover gists/a_Your gists\&amp;quot;))</message>
  <nestedLevel>1</nestedLevel>
  <property name="startLine">32</property>
  <property name="stepIndex">8</property>
</record>
<record>
  <date>2019-05-21T15:34:48</date>
  <millis>1558427688442</millis>
  <sequence>298</sequence>
  <level>PASSED</level>
  <class>com.kms.katalon.core.logging.XmlKeywordLogger</class>
  <method>logMessage</method>
  <thread>1</thread>
  <message>Object: &amp;apos;Object Repository/Edit an existing gist/TC02/Page_Discover gists/a_Your gists&amp;apos; is clicked on</message>
  <nestedLevel>1</nestedLevel>
</record>
<record>
  <date>2019-05-21T15:34:48</date>
  <millis>1558427688443</millis>
  <sequence>299</sequence>
  <level>END</level>
  <class>com.kms.katalon.core.logging.XmlKeywordLogger</class>
  <method>endKeyword</method>
  <thread>1</thread>
  <message>End action : click(findTestObject(\&amp;quot;Object Repository/Edit an existing gist/TC02/Page_Discover gists/a_Your gists\&amp;quot;))</message>
  <nestedLevel>1</nestedLevel>
</record>
<record>
  <date>2019-05-21T15:34:48</date>
  <millis>1558427688443</millis>
  <sequence>300</sequence>
  <level>START</level>
  <class>com.kms.katalon.core.logging.XmlKeywordLogger</class>
  <method>startKeyword</method>
  <thread>1</thread>
  <message>Start action : click(findTestObject(\&amp;quot;Object Repository/Edit an existing gist/TC02/Page_rickytampubolons gists/strong_gist5b1b0ea46bda37caf3499b06cdc0ebcc\&amp;quot;))</message>
  <nestedLevel>1</nestedLevel>
  <property name="startLine">34</property>
  <property name="stepIndex">9</property>
</record>
<record>
  <date>2019-05-21T15:34:49</date>
  <millis>1558427689074</millis>
  <sequence>307</sequence>
  <level>PASSED</level>
  <class>com.kms.katalon.core.logging.XmlKeywordLogger</class>
  <method>logMessage</method>
  <thread>1</thread>
  <message>Object: &amp;apos;Object Repository/Edit an existing gist/TC02/Page_rickytampubolons gists/strong_gist5b1b0ea46bda37caf3499b06cdc0ebcc&amp;apos; is clicked on</message>
  <nestedLevel>1</nestedLevel>
</record>
<record>
  <date>2019-05-21T15:34:49</date>
  <millis>1558427689074</millis>
  <sequence>308</sequence>
  <level>END</level>
  <class>com.kms.katalon.core.logging.XmlKeywordLogger</class>
  <method>endKeyword</method>
  <thread>1</thread>
  <message>End action : click(findTestObject(\&amp;quot;Object Repository/Edit an existing gist/TC02/Page_rickytampubolons gists/strong_gist5b1b0ea46bda37caf3499b06cdc0ebcc\&amp;quot;))</message>
  <nestedLevel>1</nestedLevel>
</record>
<record>
  <date>2019-05-21T15:34:49</date>
  <millis>1558427689074</millis>
  <sequence>309</sequence>
  <level>START</level>
  <class>com.kms.katalon.core.logging.XmlKeywordLogger</class>
  <method>startKeyword</method>
  <thread>1</thread>
  <message>Start action : click(findTestObject(\&amp;quot;Object Repository/Edit an existing gist/TC02/Page_Looping in C/a_Edit\&amp;quot;))</message>
  <nestedLevel>1</nestedLevel>
  <property name="startLine">36</property>
  <property name="stepIndex">10</property>
</record>
<record>
  <date>2019-05-21T15:34:50</date>
  <millis>1558427690071</millis>
  <sequence>316</sequence>
  <level>PASSED</level>
  <class>com.kms.katalon.core.logging.XmlKeywordLogger</class>
  <method>logMessage</method>
  <thread>1</thread>
  <message>Object: &amp;apos;Object Repository/Edit an existing gist/TC02/Page_Looping in C/a_Edit&amp;apos; is clicked on</message>
  <nestedLevel>1</nestedLevel>
</record>
<record>
  <date>2019-05-21T15:34:50</date>
  <millis>1558427690071</millis>
  <sequence>317</sequence>
  <level>END</level>
  <class>com.kms.katalon.core.logging.XmlKeywordLogger</class>
  <method>endKeyword</method>
  <thread>1</thread>
  <message>End action : click(findTestObject(\&amp;quot;Object Repository/Edit an existing gist/TC02/Page_Looping in C/a_Edit\&amp;quot;))</message>
  <nestedLevel>1</nestedLevel>
</record>
<record>
  <date>2019-05-21T15:34:50</date>
  <millis>1558427690071</millis>
  <sequence>318</sequence>
  <level>START</level>
  <class>com.kms.katalon.core.logging.XmlKeywordLogger</class>
  <method>startKeyword</method>
  <thread>1</thread>
  <message>Start action : click(findTestObject(\&amp;quot;Object Repository/Edit an existing gist/TC02/Page_Editing gist5b1b0ea46bda37caf3499b06cdc0ebcc/button_Update public gist\&amp;quot;))</message>
  <nestedLevel>1</nestedLevel>
  <property name="startLine">38</property>
  <property name="stepIndex">11</property>
</record>
<record>
  <date>2019-05-21T15:34:52</date>
  <millis>1558427692374</millis>
  <sequence>325</sequence>
  <level>PASSED</level>
  <class>com.kms.katalon.core.logging.XmlKeywordLogger</class>
  <method>logMessage</method>
  <thread>1</thread>
  <message>Object: &amp;apos;Object Repository/Edit an existing gist/TC02/Page_Editing gist5b1b0ea46bda37caf3499b06cdc0ebcc/button_Update public gist&amp;apos; is clicked on</message>
  <nestedLevel>1</nestedLevel>
</record>
<record>
  <date>2019-05-21T15:34:52</date>
  <millis>1558427692374</millis>
  <sequence>326</sequence>
  <level>END</level>
  <class>com.kms.katalon.core.logging.XmlKeywordLogger</class>
  <method>endKeyword</method>
  <thread>1</thread>
  <message>End action : click(findTestObject(\&amp;quot;Object Repository/Edit an existing gist/TC02/Page_Editing gist5b1b0ea46bda37caf3499b06cdc0ebcc/button_Update public gist\&amp;quot;))</message>
  <nestedLevel>1</nestedLevel>
</record>
<record>
  <date>2019-05-21T15:34:52</date>
  <millis>1558427692374</millis>
  <sequence>327</sequence>
  <level>PASSED</level>
  <class>com.kms.katalon.core.logging.XmlKeywordLogger</class>
  <method>logMessage</method>
  <thread>1</thread>
  <message>Test Cases/Edit an existing gist/TC02</message>
  <nestedLevel>1</nestedLevel>
</record>
<record>
  <date>2019-05-21T15:34:52</date>
  <millis>1558427692375</millis>
  <sequence>328</sequence>
  <level>END</level>
  <class>com.kms.katalon.core.logging.XmlKeywordLogger</class>
  <method>endTest</method>
  <thread>1</thread>
  <message>End Test Case : Test Cases/Edit an existing gist/TC02</message>
  <nestedLevel>0</nestedLevel>
</record>
<record>
  <date>2019-05-21T15:34:52</date>
  <millis>1558427692377</millis>
  <sequence>329</sequence>
  <level>START</level>
  <class>com.kms.katalon.core.logging.XmlKeywordLogger</class>
  <method>startTest</method>
  <thread>1</thread>
  <message>Start Test Case : Test Cases/See my list of gists/TC04</message>
  <nestedLevel>1</nestedLevel>
  <property name="name">Test Cases/See my list of gists/TC04</property>
  <property name="description"></property>
  <property name="id">Test Cases/See my list of gists/TC04</property>
  <property name="source">C:\\Users\\User\\Katalon Studio\\QA-Test\\Test Cases\\See my list of gists\\TC04.tc</property>
  <property name="isOptional">false</property>
</record>
<record>
  <date>2019-05-21T15:34:52</date>
  <millis>1558427692495</millis>
  <sequence>331</sequence>
  <level>START</level>
  <class>com.kms.katalon.core.logging.XmlKeywordLogger</class>
  <method>startKeyword</method>
  <thread>1</thread>
  <message>Start action : openBrowser(\&amp;quot;\&amp;quot;)</message>
  <nestedLevel>1</nestedLevel>
  <property name="startLine">16</property>
  <property name="stepIndex">1</property>
</record>
<record>
  <date>2019-05-21T15:34:52</date>
  <millis>1558427692498</millis>
  <sequence>333</sequence>
  <level>WARNING</level>
  <class>com.kms.katalon.core.logging.XmlKeywordLogger</class>
  <method>logMessage</method>
  <thread>1</thread>
  <message>A browser is already opened. Closing browser and opening a new one</message>
  <nestedLevel>1</nestedLevel>
</record>
<record>
  <date>2019-05-21T15:34:53</date>
  <millis>1558427693661</millis>
  <sequence>334</sequence>
  <level>INFO</level>
  <class>com.kms.katalon.core.logging.XmlKeywordLogger</class>
  <method>logMessage</method>
  <thread>1</thread>
  <message>Starting &amp;apos;Firefox&amp;apos; driver</message>
  <nestedLevel>1</nestedLevel>
</record>
<record>
  <date>2019-05-21T15:34:56</date>
  <millis>1558427696723</millis>
  <sequence>336</sequence>
  <level>RUN_DATA</level>
  <class>com.kms.katalon.core.logging.XmlKeywordLogger</class>
  <method>logMessage</method>
  <thread>1</thread>
  <message>sessionId = d70b0ca5-1742-411e-9cd6-b4e13d36b998</message>
  <nestedLevel>1</nestedLevel>
  <property name="sessionId">d70b0ca5-1742-411e-9cd6-b4e13d36b998</property>
</record>
<record>
  <date>2019-05-21T15:34:56</date>
  <millis>1558427696735</millis>
  <sequence>337</sequence>
  <level>RUN_DATA</level>
  <class>com.kms.katalon.core.logging.XmlKeywordLogger</class>
  <method>logMessage</method>
  <thread>1</thread>
  <message>browser = Firefox 65.0</message>
  <nestedLevel>1</nestedLevel>
  <property name="browser">Firefox 65.0</property>
</record>
<record>
  <date>2019-05-21T15:34:56</date>
  <millis>1558427696736</millis>
  <sequence>338</sequence>
  <level>RUN_DATA</level>
  <class>com.kms.katalon.core.logging.XmlKeywordLogger</class>
  <method>logMessage</method>
  <thread>1</thread>
  <message>platform = Windows 10</message>
  <nestedLevel>1</nestedLevel>
  <property name="platform">Windows 10</property>
</record>
<record>
  <date>2019-05-21T15:34:56</date>
  <millis>1558427696736</millis>
  <sequence>339</sequence>
  <level>RUN_DATA</level>
  <class>com.kms.katalon.core.logging.XmlKeywordLogger</class>
  <method>logMessage</method>
  <thread>1</thread>
  <message>seleniumVersion = 3.7.1</message>
  <nestedLevel>1</nestedLevel>
  <property name="seleniumVersion">3.7.1</property>
</record>
<record>
  <date>2019-05-21T15:34:56</date>
  <millis>1558427696737</millis>
  <sequence>340</sequence>
  <level>RUN_DATA</level>
  <class>com.kms.katalon.core.logging.XmlKeywordLogger</class>
  <method>logMessage</method>
  <thread>1</thread>
  <message>proxyInformation = ProxyInformation{proxyOption=NO_PROXY, proxyServerType=HTTP, password=, proxyServerAddress=, proxyServerPort=0}</message>
  <nestedLevel>1</nestedLevel>
  <property name="proxyInformation">ProxyInformation{proxyOption=NO_PROXY, proxyServerType=HTTP, password=, proxyServerAddress=, proxyServerPort=0}</property>
</record>
<record>
  <date>2019-05-21T15:34:56</date>
  <millis>1558427696737</millis>
  <sequence>341</sequence>
  <level>PASSED</level>
  <class>com.kms.katalon.core.logging.XmlKeywordLogger</class>
  <method>logMessage</method>
  <thread>1</thread>
  <message>Browser is opened with url: &amp;apos;&amp;apos;</message>
  <nestedLevel>1</nestedLevel>
</record>
<record>
  <date>2019-05-21T15:34:56</date>
  <millis>1558427696737</millis>
  <sequence>342</sequence>
  <level>END</level>
  <class>com.kms.katalon.core.logging.XmlKeywordLogger</class>
  <method>endKeyword</method>
  <thread>1</thread>
  <message>End action : openBrowser(\&amp;quot;\&amp;quot;)</message>
  <nestedLevel>1</nestedLevel>
</record>
<record>
  <date>2019-05-21T15:34:56</date>
  <millis>1558427696737</millis>
  <sequence>343</sequence>
  <level>START</level>
  <class>com.kms.katalon.core.logging.XmlKeywordLogger</class>
  <method>startKeyword</method>
  <thread>1</thread>
  <message>Start action : navigateToUrl(\&amp;quot;https://gist.github.com/discover\&amp;quot;)</message>
  <nestedLevel>1</nestedLevel>
  <property name="startLine">18</property>
  <property name="stepIndex">2</property>
</record>
<record>
  <date>2019-05-21T15:34:59</date>
  <millis>1558427699055</millis>
  <sequence>346</sequence>
  <level>PASSED</level>
  <class>com.kms.katalon.core.logging.XmlKeywordLogger</class>
  <method>logMessage</method>
  <thread>1</thread>
  <message>Navigate to &amp;apos;https://gist.github.com/discover&amp;apos; successfully</message>
  <nestedLevel>1</nestedLevel>
</record>
<record>
  <date>2019-05-21T15:34:59</date>
  <millis>1558427699056</millis>
  <sequence>347</sequence>
  <level>END</level>
  <class>com.kms.katalon.core.logging.XmlKeywordLogger</class>
  <method>endKeyword</method>
  <thread>1</thread>
  <message>End action : navigateToUrl(\&amp;quot;https://gist.github.com/discover\&amp;quot;)</message>
  <nestedLevel>1</nestedLevel>
</record>
<record>
  <date>2019-05-21T15:34:59</date>
  <millis>1558427699056</millis>
  <sequence>348</sequence>
  <level>START</level>
  <class>com.kms.katalon.core.logging.XmlKeywordLogger</class>
  <method>startKeyword</method>
  <thread>1</thread>
  <message>Start action : click(findTestObject(\&amp;quot;Object Repository/See my list of gists/TC04/Page_Discover gists  GitHub/a_Signin\&amp;quot;))</message>
  <nestedLevel>1</nestedLevel>
  <property name="startLine">20</property>
  <property name="stepIndex">3</property>
</record>
<record>
  <date>2019-05-21T15:35:00</date>
  <millis>1558427700900</millis>
  <sequence>355</sequence>
  <level>PASSED</level>
  <class>com.kms.katalon.core.logging.XmlKeywordLogger</class>
  <method>logMessage</method>
  <thread>1</thread>
  <message>Object: &amp;apos;Object Repository/See my list of gists/TC04/Page_Discover gists  GitHub/a_Signin&amp;apos; is clicked on</message>
  <nestedLevel>1</nestedLevel>
</record>
<record>
  <date>2019-05-21T15:35:00</date>
  <millis>1558427700900</millis>
  <sequence>356</sequence>
  <level>END</level>
  <class>com.kms.katalon.core.logging.XmlKeywordLogger</class>
  <method>endKeyword</method>
  <thread>1</thread>
  <message>End action : click(findTestObject(\&amp;quot;Object Repository/See my list of gists/TC04/Page_Discover gists  GitHub/a_Signin\&amp;quot;))</message>
  <nestedLevel>1</nestedLevel>
</record>
<record>
  <date>2019-05-21T15:35:00</date>
  <millis>1558427700901</millis>
  <sequence>357</sequence>
  <level>START</level>
  <class>com.kms.katalon.core.logging.XmlKeywordLogger</class>
  <method>startKeyword</method>
  <thread>1</thread>
  <message>Start action : setText(findTestObject(\&amp;quot;Object Repository/See my list of gists/TC04/Page_Sign in to GitHub  GitHub/input_Username or email address_login\&amp;quot;), \&amp;quot;rickytampubolon97@gmail.com\&amp;quot;)</message>
  <nestedLevel>1</nestedLevel>
  <property name="startLine">22</property>
  <property name="stepIndex">4</property>
</record>
<record>
  <date>2019-05-21T15:35:00</date>
  <millis>1558427700953</millis>
  <sequence>369</sequence>
  <level>PASSED</level>
  <class>com.kms.katalon.core.logging.XmlKeywordLogger</class>
  <method>logMessage</method>
  <thread>1</thread>
  <message>Text &amp;apos;rickytampubolon97@gmail.com&amp;apos; is set on object &amp;apos;Object Repository/See my list of gists/TC04/Page_Sign in to GitHub  GitHub/input_Username or email address_login&amp;apos;</message>
  <nestedLevel>1</nestedLevel>
</record>
<record>
  <date>2019-05-21T15:35:00</date>
  <millis>1558427700954</millis>
  <sequence>370</sequence>
  <level>END</level>
  <class>com.kms.katalon.core.logging.XmlKeywordLogger</class>
  <method>endKeyword</method>
  <thread>1</thread>
  <message>End action : setText(findTestObject(\&amp;quot;Object Repository/See my list of gists/TC04/Page_Sign in to GitHub  GitHub/input_Username or email address_login\&amp;quot;), \&amp;quot;rickytampubolon97@gmail.com\&amp;quot;)</message>
  <nestedLevel>1</nestedLevel>
</record>
<record>
  <date>2019-05-21T15:35:00</date>
  <millis>1558427700954</millis>
  <sequence>371</sequence>
  <level>START</level>
  <class>com.kms.katalon.core.logging.XmlKeywordLogger</class>
  <method>startKeyword</method>
  <thread>1</thread>
  <message>Start action : setEncryptedText(findTestObject(\&amp;quot;Object Repository/See my list of gists/TC04/Page_Sign in to GitHub  GitHub/input_Forgot password_password\&amp;quot;), \&amp;quot;aWiFznaQQ9/aU/+XfrlMyg==\&amp;quot;)</message>
  <nestedLevel>1</nestedLevel>
  <property name="startLine">25</property>
  <property name="stepIndex">5</property>
</record>
<record>
  <date>2019-05-21T15:35:00</date>
  <millis>1558427700990</millis>
  <sequence>380</sequence>
  <level>PASSED</level>
  <class>com.kms.katalon.core.logging.XmlKeywordLogger</class>
  <method>logMessage</method>
  <thread>1</thread>
  <message>Text ****** has been set on object &amp;apos;Object Repository/See my list of gists/TC04/Page_Sign in to GitHub  GitHub/input_Forgot password_password&amp;apos;</message>
  <nestedLevel>1</nestedLevel>
</record>
<record>
  <date>2019-05-21T15:35:00</date>
  <millis>1558427700995</millis>
  <sequence>381</sequence>
  <level>END</level>
  <class>com.kms.katalon.core.logging.XmlKeywordLogger</class>
  <method>endKeyword</method>
  <thread>1</thread>
  <message>End action : setEncryptedText(findTestObject(\&amp;quot;Object Repository/See my list of gists/TC04/Page_Sign in to GitHub  GitHub/input_Forgot password_password\&amp;quot;), \&amp;quot;aWiFznaQQ9/aU/+XfrlMyg==\&amp;quot;)</message>
  <nestedLevel>1</nestedLevel>
</record>
<record>
  <date>2019-05-21T15:35:00</date>
  <millis>1558427700996</millis>
  <sequence>382</sequence>
  <level>START</level>
  <class>com.kms.katalon.core.logging.XmlKeywordLogger</class>
  <method>startKeyword</method>
  <thread>1</thread>
  <message>Start action : click(findTestObject(\&amp;quot;Object Repository/See my list of gists/TC04/Page_Sign in to GitHub  GitHub/input_Forgot password_commit\&amp;quot;))</message>
  <nestedLevel>1</nestedLevel>
  <property name="startLine">28</property>
  <property name="stepIndex">6</property>
</record>
<record>
  <date>2019-05-21T15:35:04</date>
  <millis>1558427704472</millis>
  <sequence>389</sequence>
  <level>PASSED</level>
  <class>com.kms.katalon.core.logging.XmlKeywordLogger</class>
  <method>logMessage</method>
  <thread>1</thread>
  <message>Object: &amp;apos;Object Repository/See my list of gists/TC04/Page_Sign in to GitHub  GitHub/input_Forgot password_commit&amp;apos; is clicked on</message>
  <nestedLevel>1</nestedLevel>
</record>
<record>
  <date>2019-05-21T15:35:04</date>
  <millis>1558427704472</millis>
  <sequence>390</sequence>
  <level>END</level>
  <class>com.kms.katalon.core.logging.XmlKeywordLogger</class>
  <method>endKeyword</method>
  <thread>1</thread>
  <message>End action : click(findTestObject(\&amp;quot;Object Repository/See my list of gists/TC04/Page_Sign in to GitHub  GitHub/input_Forgot password_commit\&amp;quot;))</message>
  <nestedLevel>1</nestedLevel>
</record>
<record>
  <date>2019-05-21T15:35:04</date>
  <millis>1558427704472</millis>
  <sequence>391</sequence>
  <level>START</level>
  <class>com.kms.katalon.core.logging.XmlKeywordLogger</class>
  <method>startKeyword</method>
  <thread>1</thread>
  <message>Start action : click(findTestObject(\&amp;quot;Object Repository/See my list of gists/TC04/Page_Discover gists/span_Back to GitHub_dropdown-caret\&amp;quot;))</message>
  <nestedLevel>1</nestedLevel>
  <property name="startLine">30</property>
  <property name="stepIndex">7</property>
</record>
<record>
  <date>2019-05-21T15:35:04</date>
  <millis>1558427704716</millis>
  <sequence>398</sequence>
  <level>PASSED</level>
  <class>com.kms.katalon.core.logging.XmlKeywordLogger</class>
  <method>logMessage</method>
  <thread>1</thread>
  <message>Object: &amp;apos;Object Repository/See my list of gists/TC04/Page_Discover gists/span_Back to GitHub_dropdown-caret&amp;apos; is clicked on</message>
  <nestedLevel>1</nestedLevel>
</record>
<record>
  <date>2019-05-21T15:35:04</date>
  <millis>1558427704717</millis>
  <sequence>399</sequence>
  <level>END</level>
  <class>com.kms.katalon.core.logging.XmlKeywordLogger</class>
  <method>endKeyword</method>
  <thread>1</thread>
  <message>End action : click(findTestObject(\&amp;quot;Object Repository/See my list of gists/TC04/Page_Discover gists/span_Back to GitHub_dropdown-caret\&amp;quot;))</message>
  <nestedLevel>1</nestedLevel>
</record>
<record>
  <date>2019-05-21T15:35:04</date>
  <millis>1558427704717</millis>
  <sequence>400</sequence>
  <level>START</level>
  <class>com.kms.katalon.core.logging.XmlKeywordLogger</class>
  <method>startKeyword</method>
  <thread>1</thread>
  <message>Start action : click(findTestObject(\&amp;quot;Object Repository/See my list of gists/TC04/Page_Discover gists/a_Your gists\&amp;quot;))</message>
  <nestedLevel>1</nestedLevel>
  <property name="startLine">32</property>
  <property name="stepIndex">8</property>
</record>
<record>
  <date>2019-05-21T15:35:05</date>
  <millis>1558427705459</millis>
  <sequence>407</sequence>
  <level>PASSED</level>
  <class>com.kms.katalon.core.logging.XmlKeywordLogger</class>
  <method>logMessage</method>
  <thread>1</thread>
  <message>Object: &amp;apos;Object Repository/See my list of gists/TC04/Page_Discover gists/a_Your gists&amp;apos; is clicked on</message>
  <nestedLevel>1</nestedLevel>
</record>
<record>
  <date>2019-05-21T15:35:05</date>
  <millis>1558427705460</millis>
  <sequence>408</sequence>
  <level>END</level>
  <class>com.kms.katalon.core.logging.XmlKeywordLogger</class>
  <method>endKeyword</method>
  <thread>1</thread>
  <message>End action : click(findTestObject(\&amp;quot;Object Repository/See my list of gists/TC04/Page_Discover gists/a_Your gists\&amp;quot;))</message>
  <nestedLevel>1</nestedLevel>
</record>
<record>
  <date>2019-05-21T15:35:05</date>
  <millis>1558427705460</millis>
  <sequence>409</sequence>
  <level>PASSED</level>
  <class>com.kms.katalon.core.logging.XmlKeywordLogger</class>
  <method>logMessage</method>
  <thread>1</thread>
  <message>Test Cases/See my list of gists/TC04</message>
  <nestedLevel>1</nestedLevel>
</record>
<record>
  <date>2019-05-21T15:35:05</date>
  <millis>1558427705460</millis>
  <sequence>410</sequence>
  <level>END</level>
  <class>com.kms.katalon.core.logging.XmlKeywordLogger</class>
  <method>endTest</method>
  <thread>1</thread>
  <message>End Test Case : Test Cases/See my list of gists/TC04</message>
  <nestedLevel>0</nestedLevel>
</record>
<record>
  <date>2019-05-21T15:35:06</date>
  <millis>1558427706521</millis>
  <sequence>411</sequence>
  <level>END</level>
  <class>com.kms.katalon.core.logging.XmlKeywordLogger</class>
  <method>endSuite</method>
  <thread>1</thread>
  <message>End Test Suite : Test Suites/All</message>
  <nestedLevel>0</nestedLevel>
</record>
</log>
